Added Pin To Net: NetName=CLK0 Pin=J4-2
Added Pin To Net: NetName=CLK0 Pin=J5-2
Added Pin To Net: NetName=CLK0 Pin=U1-4
Added Net: Name=CLK0
Added Pin To Net: NetName=CLK31 Pin=J4-4
Added Pin To Net: NetName=CLK31 Pin=J5-4
Added Net: Name=CLK31
Added Pin To Net: NetName=DAT0 Pin=J4-1
Added Pin To Net: NetName=DAT0 Pin=J5-1
Added Pin To Net: NetName=DAT0 Pin=U1-5
Added Net: Name=DAT0
Added Pin To Net: NetName=DAT31 Pin=J4-3
Added Pin To Net: NetName=DAT31 Pin=J5-3
Added Net: Name=DAT31
Added Pin To Net: NetName=GND Pin=B1-2
Added Pin To Net: NetName=GND Pin=C1-2
Added Pin To Net: NetName=GND Pin=C2-2
Added Pin To Net: NetName=GND Pin=C3-2
Added Pin To Net: NetName=GND Pin=C4-2
Added Pin To Net: NetName=GND Pin=C5-2
Added Pin To Net: NetName=GND Pin=C6-2
Added Pin To Net: NetName=GND Pin=C7-2
Added Pin To Net: NetName=GND Pin=C8-2
Added Pin To Net: NetName=GND Pin=C9-1
Added Pin To Net: NetName=GND Pin=C10-2
Added Pin To Net: NetName=GND Pin=C12-2
Added Pin To Net: NetName=GND Pin=C13-2
Added Pin To Net: NetName=GND Pin=C14-2
Added Pin To Net: NetName=GND Pin=C15-2
Added Pin To Net: NetName=GND Pin=J1-6
Added Pin To Net: NetName=GND Pin=J2-3
Added Pin To Net: NetName=GND Pin=J2-5
Added Pin To Net: NetName=GND Pin=J2-9
Added Pin To Net: NetName=GND Pin=J3-5
Added Pin To Net: NetName=GND Pin=J4-7
Added Pin To Net: NetName=GND Pin=J4-8
Added Pin To Net: NetName=GND Pin=J5-7
Added Pin To Net: NetName=GND Pin=J5-8
Added Pin To Net: NetName=GND Pin=R6-1
Added Pin To Net: NetName=GND Pin=R8-2
Added Pin To Net: NetName=GND Pin=R10-2
Added Pin To Net: NetName=GND Pin=R11-1
Added Pin To Net: NetName=GND Pin=U1-7
Added Pin To Net: NetName=GND Pin=U1-22
Added Pin To Net: NetName=GND Pin=U1-33
Added Pin To Net: NetName=GND Pin=U1-47
Added Pin To Net: NetName=GND Pin=U1-54
Added Pin To Net: NetName=GND Pin=U2-4
Added Pin To Net: NetName=GND Pin=U2-9
Added Pin To Net: NetName=GND Pin=U2-11
Added Pin To Net: NetName=GND Pin=U2-12
Added Pin To Net: NetName=GND Pin=U2-13
Added Pin To Net: NetName=GND Pin=U2-14
Added Pin To Net: NetName=GND Pin=U2-15
Added Pin To Net: NetName=GND Pin=U3-2
Added Net: Name=GND
Added Pin To Net: NetName=MISO Pin=J1-7
Added Pin To Net: NetName=MISO Pin=R5-1
Added Pin To Net: NetName=MISO Pin=U1-32
Added Net: Name=MISO
Added Pin To Net: NetName=MOSI Pin=J1-3
Added Pin To Net: NetName=MOSI Pin=R1-2
Added Pin To Net: NetName=MOSI Pin=U1-29
Added Net: Name=MOSI
Added Pin To Net: NetName=NetC9_2 Pin=C9-2
Added Pin To Net: NetName=NetC9_2 Pin=J3-6
Added Pin To Net: NetName=NetC9_2 Pin=J3-6
Added Pin To Net: NetName=NetC9_2 Pin=J3-7
Added Pin To Net: NetName=NetC9_2 Pin=J3-7
Added Pin To Net: NetName=NetC9_2 Pin=J3-8
Added Pin To Net: NetName=NetC9_2 Pin=J3-8
Added Pin To Net: NetName=NetC9_2 Pin=J3-9
Added Pin To Net: NetName=NetC9_2 Pin=J3-9
Added Pin To Net: NetName=NetC9_2 Pin=R6-2
Added Net: Name=NetC9_2
Added Pin To Net: NetName=NetC13_1 Pin=C13-1
Added Pin To Net: NetName=NetC13_1 Pin=U2-1
Added Net: Name=NetC13_1
Added Pin To Net: NetName=NetJ1_1 Pin=J1-1
Added Pin To Net: NetName=NetJ1_1 Pin=R3-1
Added Net: Name=NetJ1_1
Added Pin To Net: NetName=NetJ1_8 Pin=J1-8
Added Pin To Net: NetName=NetJ1_8 Pin=R4-1
Added Net: Name=NetJ1_8
Added Pin To Net: NetName=NetL1_2 Pin=L1-2
Added Pin To Net: NetName=NetL1_2 Pin=U2-3
Added Net: Name=NetL1_2
Added Pin To Net: NetName=NetR9_2 Pin=R9-2
Added Pin To Net: NetName=NetR9_2 Pin=R10-1
Added Pin To Net: NetName=NetR9_2 Pin=U2-10
Added Net: Name=NetR9_2
Added Pin To Net: NetName=NetR11_2 Pin=R11-2
Added Pin To Net: NetName=NetR11_2 Pin=U3-5
Added Net: Name=NetR11_2
Added Pin To Net: NetName=PTCX0 Pin=S1-2
Added Pin To Net: NetName=PTCX0 Pin=S6-2
Added Pin To Net: NetName=PTCX0 Pin=U1-17
Added Net: Name=PTCX0
Added Pin To Net: NetName=PTCX1 Pin=S2-2
Added Pin To Net: NetName=PTCX1 Pin=S7-2
Added Pin To Net: NetName=PTCX1 Pin=U1-18
Added Net: Name=PTCX1
Added Pin To Net: NetName=PTCX2 Pin=S3-2
Added Pin To Net: NetName=PTCX2 Pin=S8-2
Added Pin To Net: NetName=PTCX2 Pin=U1-19
Added Net: Name=PTCX2
Added Pin To Net: NetName=PTCX3 Pin=S4-2
Added Pin To Net: NetName=PTCX3 Pin=S9-2
Added Pin To Net: NetName=PTCX3 Pin=U1-20
Added Net: Name=PTCX3
Added Pin To Net: NetName=PTCX4 Pin=S5-2
Added Pin To Net: NetName=PTCX4 Pin=S10-2
Added Pin To Net: NetName=PTCX4 Pin=U1-35
Added Net: Name=PTCX4
Added Pin To Net: NetName=PTCY0 Pin=S1-1
Added Pin To Net: NetName=PTCY0 Pin=S2-1
Added Pin To Net: NetName=PTCY0 Pin=S3-1
Added Pin To Net: NetName=PTCY0 Pin=S4-1
Added Pin To Net: NetName=PTCY0 Pin=S5-1
Added Pin To Net: NetName=PTCY0 Pin=U1-1
Added Net: Name=PTCY0
Added Pin To Net: NetName=PTCY1 Pin=S6-1
Added Pin To Net: NetName=PTCY1 Pin=S7-1
Added Pin To Net: NetName=PTCY1 Pin=S8-1
Added Pin To Net: NetName=PTCY1 Pin=S9-1
Added Pin To Net: NetName=PTCY1 Pin=S10-1
Added Pin To Net: NetName=PTCY1 Pin=U1-2
Added Net: Name=PTCY1
Added Pin To Net: NetName=PTCY2 Pin=U1-13
Added Net: Name=PTCY2
Added Pin To Net: NetName=RESETN Pin=J2-10
Added Pin To Net: NetName=RESETN Pin=U1-52
Added Net: Name=RESETN
Added Pin To Net: NetName=SCK Pin=J1-5
Added Net: Name=SCK
Added Pin To Net: NetName=SCLK Pin=U1-30
Added Net: Name=SCLK
Added Pin To Net: NetName=SCL Pin=U1-50
Added Net: Name=SCL
Added Pin To Net: NetName=SDA Pin=U1-49
Added Net: Name=SDA
Added Pin To Net: NetName=SS Pin=J1-2
Added Pin To Net: NetName=SS Pin=R2-2
Added Pin To Net: NetName=SS Pin=U1-31
Added Net: Name=SS
Added Pin To Net: NetName=SWCLK Pin=J2-4
Added Pin To Net: NetName=SWCLK Pin=U1-57
Added Net: Name=SWCLK
Added Pin To Net: NetName=SWDIO Pin=J2-2
Added Pin To Net: NetName=SWDIO Pin=U1-58
Added Net: Name=SWDIO
Added Pin To Net: NetName=USB_N Pin=J3-2
Added Pin To Net: NetName=USB_N Pin=U1-45
Added Net: Name=USB_N
Added Pin To Net: NetName=USB_P Pin=J3-3
Added Pin To Net: NetName=USB_P Pin=U1-46
Added Net: Name=USB_P
Added Pin To Net: NetName=UVLO Pin=C11-2
Added Pin To Net: NetName=UVLO Pin=R7-2
Added Pin To Net: NetName=UVLO Pin=R8-1
Added Pin To Net: NetName=UVLO Pin=U2-7
Added Net: Name=UVLO
Added Pin To Net: NetName=VBUS Pin=C12-1
Added Pin To Net: NetName=VBUS Pin=J3-1
Added Pin To Net: NetName=VBUS Pin=U3-4
Added Net: Name=VBUS
Added Pin To Net: NetName=VCCBAT Pin=B1-1
Added Pin To Net: NetName=VCCBAT Pin=C10-1
Added Pin To Net: NetName=VCCBAT Pin=C11-1
Added Pin To Net: NetName=VCCBAT Pin=C15-1
Added Pin To Net: NetName=VCCBAT Pin=J4-9
Added Pin To Net: NetName=VCCBAT Pin=J4-10
Added Pin To Net: NetName=VCCBAT Pin=J5-9
Added Pin To Net: NetName=VCCBAT Pin=J5-10
Added Pin To Net: NetName=VCCBAT Pin=L1-1
Added Pin To Net: NetName=VCCBAT Pin=R7-1
Added Pin To Net: NetName=VCCBAT Pin=U2-5
Added Pin To Net: NetName=VCCBAT Pin=U2-6
Added Pin To Net: NetName=VCCBAT Pin=U2-8
Added Pin To Net: NetName=VCCBAT Pin=U3-2
Added Net: Name=VCCBAT
Added Pin To Net: NetName=VCC Pin=C3-1
Added Pin To Net: NetName=VCC Pin=C4-1
Added Pin To Net: NetName=VCC Pin=C5-1
Added Pin To Net: NetName=VCC Pin=C6-1
Added Pin To Net: NetName=VCC Pin=C7-1
Added Pin To Net: NetName=VCC Pin=C8-1
Added Pin To Net: NetName=VCC Pin=C14-1
Added Pin To Net: NetName=VCC Pin=J1-4
Added Pin To Net: NetName=VCC Pin=J4-5
Added Pin To Net: NetName=VCC Pin=J4-6
Added Pin To Net: NetName=VCC Pin=J5-5
Added Pin To Net: NetName=VCC Pin=J5-6
Added Pin To Net: NetName=VCC Pin=R1-1
Added Pin To Net: NetName=VCC Pin=R2-1
Added Pin To Net: NetName=VCC Pin=R3-2
Added Pin To Net: NetName=VCC Pin=R4-2
Added Pin To Net: NetName=VCC Pin=R5-2
Added Pin To Net: NetName=VCC Pin=R9-1
Added Pin To Net: NetName=VCC Pin=U1-8
Added Pin To Net: NetName=VCC Pin=U1-21
Added Pin To Net: NetName=VCC Pin=U1-34
Added Pin To Net: NetName=VCC Pin=U1-48
Added Pin To Net: NetName=VCC Pin=U1-56
Added Pin To Net: NetName=VCC Pin=U2-2
Added Net: Name=VCC
Added Pin To Net: NetName=VCORE Pin=C1-1
Added Pin To Net: NetName=VCORE Pin=C2-1
Added Pin To Net: NetName=VCORE Pin=U1-55
Added Net: Name=VCORE
Added Room: Name=Sheet1_Cpu
Added Room: Name=Sheet4_Switch
