Added Component: Designator=C10(CAPMP3216X180N)
Added Component: Designator=C11(CAPMP3216X180N)
Added Component: Designator=C12(CAPMP2012X150USR)
Added Component: Designator=C13(CAPC2012X135N)
Added Component: Designator=C14(CAPC3225X220N)
Added Component: Designator=C15(CAPC2012X135N)
Added Component: Designator=J1(DM3AT-SF-PEJM5)
Added Component: Designator=L1(INDM3225X240N)
Added Component: Designator=R1(RESC2012X70N)
Added Component: Designator=R2(RESC2012X70N)
Added Component: Designator=R3(RESC2012X70N)
Added Component: Designator=R4(RESC2012X70N)
Added Component: Designator=R5(RESC2012X70N)
Added Component: Designator=R7(RESC1005X40N)
Added Component: Designator=R8(RESC2012X70N)
Added Component: Designator=R9(RESC2012X70N)
Added Component: Designator=R10(RESC2012X70N)
Added Component: Designator=R11(RESC2012X70N)
Added Component: Designator=S1(MUTCAPSWITCH)
Added Component: Designator=S2(MUTCAPSWITCH)
Added Component: Designator=S3(MUTCAPSWITCH)
Added Component: Designator=S4(MUTCAPSWITCH)
Added Component: Designator=S5(MUTCAPSWITCH)
Added Component: Designator=S6(MUTCAPSWITCH)
Added Component: Designator=S7(MUTCAPSWITCH)
Added Component: Designator=S8(MUTCAPSWITCH)
Added Component: Designator=S9(MUTCAPSWITCH)
Added Component: Designator=S10(MUTCAPSWITCH)
Added Component: Designator=S11(MUTCAPSWITCH)
Added Component: Designator=S12(MUTCAPSWITCH)
Added Component: Designator=S13(MUTCAPSWITCH)
Added Component: Designator=S14(MUTCAPSWITCH)
Added Component: Designator=S15(MUTCAPSWITCH)
Added Component: Designator=U2(SOT23-5)
Added Component: Designator=U3(PSON50P300X100_HS-11N)
Added Pin To Net: NetName=CLK0 Pin=J4-2
Added Pin To Net: NetName=CLK0 Pin=J5-2
Added Net: Name=CLK0
Added Pin To Net: NetName=CLK31 Pin=J4-4
Added Pin To Net: NetName=CLK31 Pin=J5-4
Added Net: Name=CLK31
Added Pin To Net: NetName=DAT0 Pin=J4-1
Added Pin To Net: NetName=DAT0 Pin=J5-1
Added Net: Name=DAT0
Added Pin To Net: NetName=DAT31 Pin=J4-3
Added Pin To Net: NetName=DAT31 Pin=J5-3
Added Net: Name=DAT31
Added Pin To Net: NetName=GND Pin=C10-2
Added Pin To Net: NetName=GND Pin=C11-2
Added Pin To Net: NetName=GND Pin=C12-2
Added Pin To Net: NetName=GND Pin=C14-2
Added Pin To Net: NetName=GND Pin=C15-2
Added Pin To Net: NetName=GND Pin=J1-6
Added Pin To Net: NetName=GND Pin=J4-7
Added Pin To Net: NetName=GND Pin=J4-8
Added Pin To Net: NetName=GND Pin=J5-7
Added Pin To Net: NetName=GND Pin=J5-8
Added Pin To Net: NetName=GND Pin=R7-1
Added Pin To Net: NetName=GND Pin=R10-2
Added Pin To Net: NetName=GND Pin=R11-2
Added Pin To Net: NetName=GND Pin=U2-2
Added Pin To Net: NetName=GND Pin=U3-4
Added Pin To Net: NetName=GND Pin=U3-9
Added Pin To Net: NetName=GND Pin=U3-11
Added Net: Name=GND
Added Pin To Net: NetName=MISO Pin=J1-7
Added Pin To Net: NetName=MISO Pin=R5-1
Added Net: Name=MISO
Added Pin To Net: NetName=MOSI Pin=J1-3
Added Pin To Net: NetName=MOSI Pin=R1-2
Added Net: Name=MOSI
Added Net: Name=NetC2_2
Added Pin To Net: NetName=NetC15_1 Pin=C15-1
Added Pin To Net: NetName=NetC15_1 Pin=U3-1
Added Net: Name=NetC15_1
Added Pin To Net: NetName=NetJ1_1 Pin=J1-1
Added Pin To Net: NetName=NetJ1_1 Pin=R3-1
Added Net: Name=NetJ1_1
Added Pin To Net: NetName=NetJ1_8 Pin=J1-8
Added Pin To Net: NetName=NetJ1_8 Pin=R4-1
Added Net: Name=NetJ1_8
Added Pin To Net: NetName=NetL1_2 Pin=L1-2
Added Pin To Net: NetName=NetL1_2 Pin=U3-3
Added Net: Name=NetL1_2
Added Pin To Net: NetName=NetR7_2 Pin=R7-2
Added Pin To Net: NetName=NetR7_2 Pin=U2-5
Added Net: Name=NetR7_2
Added Pin To Net: NetName=NetR9_2 Pin=R9-2
Added Pin To Net: NetName=NetR9_2 Pin=R11-1
Added Pin To Net: NetName=NetR9_2 Pin=U3-10
Added Net: Name=NetR9_2
Added Pin To Net: NetName=PTCX0 Pin=S1-2
Added Pin To Net: NetName=PTCX0 Pin=S2-2
Added Pin To Net: NetName=PTCX0 Pin=S3-2
Added Net: Name=PTCX0
Added Pin To Net: NetName=PTCX1 Pin=S4-2
Added Pin To Net: NetName=PTCX1 Pin=S5-2
Added Pin To Net: NetName=PTCX1 Pin=S6-2
Added Net: Name=PTCX1
Added Pin To Net: NetName=PTCX2 Pin=S7-2
Added Pin To Net: NetName=PTCX2 Pin=S8-2
Added Pin To Net: NetName=PTCX2 Pin=S9-2
Added Net: Name=PTCX2
Added Pin To Net: NetName=PTCX3 Pin=S10-2
Added Pin To Net: NetName=PTCX3 Pin=S11-2
Added Pin To Net: NetName=PTCX3 Pin=S12-2
Added Net: Name=PTCX3
Added Pin To Net: NetName=PTCX4 Pin=S13-2
Added Pin To Net: NetName=PTCX4 Pin=S14-2
Added Pin To Net: NetName=PTCX4 Pin=S15-2
Added Net: Name=PTCX4
Added Pin To Net: NetName=PTCY0 Pin=S1-1
Added Pin To Net: NetName=PTCY0 Pin=S4-1
Added Pin To Net: NetName=PTCY0 Pin=S7-1
Added Pin To Net: NetName=PTCY0 Pin=S10-1
Added Pin To Net: NetName=PTCY0 Pin=S13-1
Added Net: Name=PTCY0
Added Pin To Net: NetName=PTCY1 Pin=S2-1
Added Pin To Net: NetName=PTCY1 Pin=S5-1
Added Pin To Net: NetName=PTCY1 Pin=S8-1
Added Pin To Net: NetName=PTCY1 Pin=S11-1
Added Pin To Net: NetName=PTCY1 Pin=S14-1
Added Net: Name=PTCY1
Added Pin To Net: NetName=PTCY2 Pin=S3-1
Added Pin To Net: NetName=PTCY2 Pin=S6-1
Added Pin To Net: NetName=PTCY2 Pin=S9-1
Added Pin To Net: NetName=PTCY2 Pin=S12-1
Added Pin To Net: NetName=PTCY2 Pin=S15-1
Added Net: Name=PTCY2
Added Net: Name=RESETN
Added Pin To Net: NetName=SCK Pin=J1-5
Added Net: Name=SCK
Added Net: Name=SCLK
Added Net: Name=SCL
Added Net: Name=SDA
Added Pin To Net: NetName=SS Pin=J1-2
Added Pin To Net: NetName=SS Pin=R2-2
Added Net: Name=SS
Added Net: Name=SWCLK
Added Net: Name=SWDIO
Added Net: Name=USB_N
Added Net: Name=USB_P
Added Pin To Net: NetName=UVLO Pin=C13-2
Added Pin To Net: NetName=UVLO Pin=R8-2
Added Pin To Net: NetName=UVLO Pin=R10-1
Added Pin To Net: NetName=UVLO Pin=U3-7
Added Net: Name=UVLO
Added Pin To Net: NetName=VBUS Pin=C10-1
Added Pin To Net: NetName=VBUS Pin=U2-4
Added Net: Name=VBUS
Added Pin To Net: NetName=VCCBAT Pin=C11-1
Added Pin To Net: NetName=VCCBAT Pin=C12-1
Added Pin To Net: NetName=VCCBAT Pin=C13-1
Added Pin To Net: NetName=VCCBAT Pin=J4-9
Added Pin To Net: NetName=VCCBAT Pin=J4-10
Added Pin To Net: NetName=VCCBAT Pin=J5-9
Added Pin To Net: NetName=VCCBAT Pin=J5-10
Added Pin To Net: NetName=VCCBAT Pin=L1-1
Added Pin To Net: NetName=VCCBAT Pin=R8-1
Added Pin To Net: NetName=VCCBAT Pin=U2-2
Added Pin To Net: NetName=VCCBAT Pin=U3-5
Added Pin To Net: NetName=VCCBAT Pin=U3-6
Added Pin To Net: NetName=VCCBAT Pin=U3-8
Added Net: Name=VCCBAT
Added Pin To Net: NetName=VCC Pin=C14-1
Added Pin To Net: NetName=VCC Pin=J1-4
Added Pin To Net: NetName=VCC Pin=J4-5
Added Pin To Net: NetName=VCC Pin=J4-6
Added Pin To Net: NetName=VCC Pin=J5-5
Added Pin To Net: NetName=VCC Pin=J5-6
Added Pin To Net: NetName=VCC Pin=R1-1
Added Pin To Net: NetName=VCC Pin=R2-1
Added Pin To Net: NetName=VCC Pin=R3-2
Added Pin To Net: NetName=VCC Pin=R4-2
Added Pin To Net: NetName=VCC Pin=R5-2
Added Pin To Net: NetName=VCC Pin=R9-1
Added Pin To Net: NetName=VCC Pin=U3-2
Added Net: Name=VCC
Added Net: Name=VCORE
Change Class Name : Old Net Name=led30Sheet1 New Net Name=Sheet2_led
Added Class: Name=Sheet1_Cpu
Added Class: Name=Sheet3_Bat
Added Class: Name=Sheet4_Switch
Change Room Name: Old Name=led30Sheet1 New Name=Sheet3_Bat
Change Room Scope: Old Scope=InComponentClass('led30Sheet1') New Scope=InComponentClass('Sheet3_Bat')
Added Room: Name=Sheet1_Cpu
Added Room: Name=Sheet2_led
Added Room: Name=Sheet4_Switch
