Added Pin To Net: NetName=CLK0 Pin=J1-2
Added Pin To Net: NetName=CLK0 Pin=J2-2
Added Pin To Net: NetName=CLK0 Pin=U1-16
Added Net: Name=CLK0
Added Pin To Net: NetName=CLK11 Pin=U10-9
Added Pin To Net: NetName=CLK11 Pin=U11-16
Added Net: Name=CLK11
Added Pin To Net: NetName=CLK31 Pin=J1-4
Added Pin To Net: NetName=CLK31 Pin=J2-4
Added Pin To Net: NetName=CLK31 Pin=U15-9
Added Net: Name=CLK31
Added Pin To Net: NetName=DAT0 Pin=J1-1
Added Pin To Net: NetName=DAT0 Pin=J2-1
Added Pin To Net: NetName=DAT0 Pin=U1-15
Added Net: Name=DAT0
Added Pin To Net: NetName=DAT11 Pin=U10-10
Added Pin To Net: NetName=DAT11 Pin=U11-15
Added Net: Name=DAT11
Added Pin To Net: NetName=DAT31 Pin=J1-3
Added Pin To Net: NetName=DAT31 Pin=J2-3
Added Pin To Net: NetName=DAT31 Pin=U15-10
Added Net: Name=DAT31
Added Pin To Net: NetName=GND Pin=C1-2
Added Pin To Net: NetName=GND Pin=C2-2
Added Pin To Net: NetName=GND Pin=C3-2
Added Pin To Net: NetName=GND Pin=C4-2
Added Pin To Net: NetName=GND Pin=C11-1
Added Pin To Net: NetName=GND Pin=C12-1
Added Pin To Net: NetName=GND Pin=C13-1
Added Pin To Net: NetName=GND Pin=C14-1
Added Pin To Net: NetName=GND Pin=C15-1
Added Pin To Net: NetName=GND Pin=C16-1
Added Pin To Net: NetName=GND Pin=C17-1
Added Pin To Net: NetName=GND Pin=C18-1
Added Pin To Net: NetName=GND Pin=C19-1
Added Pin To Net: NetName=GND Pin=C20-1
Added Pin To Net: NetName=GND Pin=C21-2
Added Pin To Net: NetName=GND Pin=C22-2
Added Pin To Net: NetName=GND Pin=J1-7
Added Pin To Net: NetName=GND Pin=J1-8
Added Pin To Net: NetName=GND Pin=J2-7
Added Pin To Net: NetName=GND Pin=J2-8
Added Pin To Net: NetName=GND Pin=U1-5
Added Pin To Net: NetName=GND Pin=U1-13
Added Pin To Net: NetName=GND Pin=U2-5
Added Pin To Net: NetName=GND Pin=U2-13
Added Pin To Net: NetName=GND Pin=U3-5
Added Pin To Net: NetName=GND Pin=U3-13
Added Pin To Net: NetName=GND Pin=U4-5
Added Pin To Net: NetName=GND Pin=U4-13
Added Pin To Net: NetName=GND Pin=U5-5
Added Pin To Net: NetName=GND Pin=U5-13
Added Pin To Net: NetName=GND Pin=U6-5
Added Pin To Net: NetName=GND Pin=U6-13
Added Pin To Net: NetName=GND Pin=U7-5
Added Pin To Net: NetName=GND Pin=U7-13
Added Pin To Net: NetName=GND Pin=U8-5
Added Pin To Net: NetName=GND Pin=U8-13
Added Pin To Net: NetName=GND Pin=U9-5
Added Pin To Net: NetName=GND Pin=U9-13
Added Pin To Net: NetName=GND Pin=U10-5
Added Pin To Net: NetName=GND Pin=U10-13
Added Pin To Net: NetName=GND Pin=U11-5
Added Pin To Net: NetName=GND Pin=U11-13
Added Pin To Net: NetName=GND Pin=U12-5
Added Pin To Net: NetName=GND Pin=U12-13
Added Pin To Net: NetName=GND Pin=U13-5
Added Pin To Net: NetName=GND Pin=U13-13
Added Pin To Net: NetName=GND Pin=U14-5
Added Pin To Net: NetName=GND Pin=U14-13
Added Pin To Net: NetName=GND Pin=U15-5
Added Pin To Net: NetName=GND Pin=U15-13
Added Net: Name=GND
Added Pin To Net: NetName=NetD1_1 Pin=D1-1
Added Pin To Net: NetName=NetD1_1 Pin=U1-3
Added Net: Name=NetD1_1
Added Pin To Net: NetName=NetD1_2 Pin=D1-2
Added Pin To Net: NetName=NetD1_2 Pin=U1-2
Added Net: Name=NetD1_2
Added Pin To Net: NetName=NetD1_3 Pin=D1-3
Added Pin To Net: NetName=NetD1_3 Pin=U1-1
Added Net: Name=NetD1_3
Added Pin To Net: NetName=NetD2_1 Pin=D2-1
Added Pin To Net: NetName=NetD2_1 Pin=U1-8
Added Net: Name=NetD2_1
Added Pin To Net: NetName=NetD2_2 Pin=D2-2
Added Pin To Net: NetName=NetD2_2 Pin=U1-7
Added Net: Name=NetD2_2
Added Pin To Net: NetName=NetD2_3 Pin=D2-3
Added Pin To Net: NetName=NetD2_3 Pin=U1-6
Added Net: Name=NetD2_3
Added Pin To Net: NetName=NetD3_1 Pin=D3-1
Added Pin To Net: NetName=NetD3_1 Pin=U2-3
Added Net: Name=NetD3_1
Added Pin To Net: NetName=NetD3_2 Pin=D3-2
Added Pin To Net: NetName=NetD3_2 Pin=U2-2
Added Net: Name=NetD3_2
Added Pin To Net: NetName=NetD3_3 Pin=D3-3
Added Pin To Net: NetName=NetD3_3 Pin=U2-1
Added Net: Name=NetD3_3
Added Pin To Net: NetName=NetD4_1 Pin=D4-1
Added Pin To Net: NetName=NetD4_1 Pin=U2-8
Added Net: Name=NetD4_1
Added Pin To Net: NetName=NetD4_2 Pin=D4-2
Added Pin To Net: NetName=NetD4_2 Pin=U2-7
Added Net: Name=NetD4_2
Added Pin To Net: NetName=NetD4_3 Pin=D4-3
Added Pin To Net: NetName=NetD4_3 Pin=U2-6
Added Net: Name=NetD4_3
Added Pin To Net: NetName=NetD5_1 Pin=D5-1
Added Pin To Net: NetName=NetD5_1 Pin=U3-3
Added Net: Name=NetD5_1
Added Pin To Net: NetName=NetD5_2 Pin=D5-2
Added Pin To Net: NetName=NetD5_2 Pin=U3-2
Added Net: Name=NetD5_2
Added Pin To Net: NetName=NetD5_3 Pin=D5-3
Added Pin To Net: NetName=NetD5_3 Pin=U3-1
Added Net: Name=NetD5_3
Added Pin To Net: NetName=NetD6_1 Pin=D6-1
Added Pin To Net: NetName=NetD6_1 Pin=U3-8
Added Net: Name=NetD6_1
Added Pin To Net: NetName=NetD6_2 Pin=D6-2
Added Pin To Net: NetName=NetD6_2 Pin=U3-7
Added Net: Name=NetD6_2
Added Pin To Net: NetName=NetD6_3 Pin=D6-3
Added Pin To Net: NetName=NetD6_3 Pin=U3-6
Added Net: Name=NetD6_3
Added Pin To Net: NetName=NetD7_1 Pin=D7-1
Added Pin To Net: NetName=NetD7_1 Pin=U4-3
Added Net: Name=NetD7_1
Added Pin To Net: NetName=NetD7_2 Pin=D7-2
Added Pin To Net: NetName=NetD7_2 Pin=U4-2
Added Net: Name=NetD7_2
Added Pin To Net: NetName=NetD7_3 Pin=D7-3
Added Pin To Net: NetName=NetD7_3 Pin=U4-1
Added Net: Name=NetD7_3
Added Pin To Net: NetName=NetD8_1 Pin=D8-1
Added Pin To Net: NetName=NetD8_1 Pin=U4-8
Added Net: Name=NetD8_1
Added Pin To Net: NetName=NetD8_2 Pin=D8-2
Added Pin To Net: NetName=NetD8_2 Pin=U4-7
Added Net: Name=NetD8_2
Added Pin To Net: NetName=NetD8_3 Pin=D8-3
Added Pin To Net: NetName=NetD8_3 Pin=U4-6
Added Net: Name=NetD8_3
Added Pin To Net: NetName=NetD9_1 Pin=D9-1
Added Pin To Net: NetName=NetD9_1 Pin=U5-3
Added Net: Name=NetD9_1
Added Pin To Net: NetName=NetD9_2 Pin=D9-2
Added Pin To Net: NetName=NetD9_2 Pin=U5-2
Added Net: Name=NetD9_2
Added Pin To Net: NetName=NetD9_3 Pin=D9-3
Added Pin To Net: NetName=NetD9_3 Pin=U5-1
Added Net: Name=NetD9_3
Added Pin To Net: NetName=NetD10_1 Pin=D10-1
Added Pin To Net: NetName=NetD10_1 Pin=U5-8
Added Net: Name=NetD10_1
Added Pin To Net: NetName=NetD10_2 Pin=D10-2
Added Pin To Net: NetName=NetD10_2 Pin=U5-7
Added Net: Name=NetD10_2
Added Pin To Net: NetName=NetD10_3 Pin=D10-3
Added Pin To Net: NetName=NetD10_3 Pin=U5-6
Added Net: Name=NetD10_3
Added Pin To Net: NetName=NetD11_1 Pin=D11-1
Added Pin To Net: NetName=NetD11_1 Pin=U6-3
Added Net: Name=NetD11_1
Added Pin To Net: NetName=NetD11_2 Pin=D11-2
Added Pin To Net: NetName=NetD11_2 Pin=U6-2
Added Net: Name=NetD11_2
Added Pin To Net: NetName=NetD11_3 Pin=D11-3
Added Pin To Net: NetName=NetD11_3 Pin=U6-1
Added Net: Name=NetD11_3
Added Pin To Net: NetName=NetD12_1 Pin=D12-1
Added Pin To Net: NetName=NetD12_1 Pin=U6-8
Added Net: Name=NetD12_1
Added Pin To Net: NetName=NetD12_2 Pin=D12-2
Added Pin To Net: NetName=NetD12_2 Pin=U6-7
Added Net: Name=NetD12_2
Added Pin To Net: NetName=NetD12_3 Pin=D12-3
Added Pin To Net: NetName=NetD12_3 Pin=U6-6
Added Net: Name=NetD12_3
Added Pin To Net: NetName=NetD13_1 Pin=D13-1
Added Pin To Net: NetName=NetD13_1 Pin=U7-3
Added Net: Name=NetD13_1
Added Pin To Net: NetName=NetD13_2 Pin=D13-2
Added Pin To Net: NetName=NetD13_2 Pin=U7-2
Added Net: Name=NetD13_2
Added Pin To Net: NetName=NetD13_3 Pin=D13-3
Added Pin To Net: NetName=NetD13_3 Pin=U7-1
Added Net: Name=NetD13_3
Added Pin To Net: NetName=NetD14_1 Pin=D14-1
Added Pin To Net: NetName=NetD14_1 Pin=U7-8
Added Net: Name=NetD14_1
Added Pin To Net: NetName=NetD14_2 Pin=D14-2
Added Pin To Net: NetName=NetD14_2 Pin=U7-7
Added Net: Name=NetD14_2
Added Pin To Net: NetName=NetD14_3 Pin=D14-3
Added Pin To Net: NetName=NetD14_3 Pin=U7-6
Added Net: Name=NetD14_3
Added Pin To Net: NetName=NetD15_1 Pin=D15-1
Added Pin To Net: NetName=NetD15_1 Pin=U8-3
Added Net: Name=NetD15_1
Added Pin To Net: NetName=NetD15_2 Pin=D15-2
Added Pin To Net: NetName=NetD15_2 Pin=U8-2
Added Net: Name=NetD15_2
Added Pin To Net: NetName=NetD15_3 Pin=D15-3
Added Pin To Net: NetName=NetD15_3 Pin=U8-1
Added Net: Name=NetD15_3
Added Pin To Net: NetName=NetD16_1 Pin=D16-1
Added Pin To Net: NetName=NetD16_1 Pin=U8-8
Added Net: Name=NetD16_1
Added Pin To Net: NetName=NetD16_2 Pin=D16-2
Added Pin To Net: NetName=NetD16_2 Pin=U8-7
Added Net: Name=NetD16_2
Added Pin To Net: NetName=NetD16_3 Pin=D16-3
Added Pin To Net: NetName=NetD16_3 Pin=U8-6
Added Net: Name=NetD16_3
Added Pin To Net: NetName=NetD17_1 Pin=D17-1
Added Pin To Net: NetName=NetD17_1 Pin=U9-3
Added Net: Name=NetD17_1
Added Pin To Net: NetName=NetD17_2 Pin=D17-2
Added Pin To Net: NetName=NetD17_2 Pin=U9-2
Added Net: Name=NetD17_2
Added Pin To Net: NetName=NetD17_3 Pin=D17-3
Added Pin To Net: NetName=NetD17_3 Pin=U9-1
Added Net: Name=NetD17_3
Added Pin To Net: NetName=NetD18_1 Pin=D18-1
Added Pin To Net: NetName=NetD18_1 Pin=U9-8
Added Net: Name=NetD18_1
Added Pin To Net: NetName=NetD18_2 Pin=D18-2
Added Pin To Net: NetName=NetD18_2 Pin=U9-7
Added Net: Name=NetD18_2
Added Pin To Net: NetName=NetD18_3 Pin=D18-3
Added Pin To Net: NetName=NetD18_3 Pin=U9-6
Added Net: Name=NetD18_3
Added Pin To Net: NetName=NetD19_1 Pin=D19-1
Added Pin To Net: NetName=NetD19_1 Pin=U10-3
Added Net: Name=NetD19_1
Added Pin To Net: NetName=NetD19_2 Pin=D19-2
Added Pin To Net: NetName=NetD19_2 Pin=U10-2
Added Net: Name=NetD19_2
Added Pin To Net: NetName=NetD19_3 Pin=D19-3
Added Pin To Net: NetName=NetD19_3 Pin=U10-1
Added Net: Name=NetD19_3
Added Pin To Net: NetName=NetD20_1 Pin=D20-1
Added Pin To Net: NetName=NetD20_1 Pin=U10-8
Added Net: Name=NetD20_1
Added Pin To Net: NetName=NetD20_2 Pin=D20-2
Added Pin To Net: NetName=NetD20_2 Pin=U10-7
Added Net: Name=NetD20_2
Added Pin To Net: NetName=NetD20_3 Pin=D20-3
Added Pin To Net: NetName=NetD20_3 Pin=U10-6
Added Net: Name=NetD20_3
Added Pin To Net: NetName=NetD21_1 Pin=D21-1
Added Pin To Net: NetName=NetD21_1 Pin=U11-3
Added Net: Name=NetD21_1
Added Pin To Net: NetName=NetD21_2 Pin=D21-2
Added Pin To Net: NetName=NetD21_2 Pin=U11-2
Added Net: Name=NetD21_2
Added Pin To Net: NetName=NetD21_3 Pin=D21-3
Added Pin To Net: NetName=NetD21_3 Pin=U11-1
Added Net: Name=NetD21_3
Added Pin To Net: NetName=NetD22_1 Pin=D22-1
Added Pin To Net: NetName=NetD22_1 Pin=U11-8
Added Net: Name=NetD22_1
Added Pin To Net: NetName=NetD22_2 Pin=D22-2
Added Pin To Net: NetName=NetD22_2 Pin=U11-7
Added Net: Name=NetD22_2
Added Pin To Net: NetName=NetD22_3 Pin=D22-3
Added Pin To Net: NetName=NetD22_3 Pin=U11-6
Added Net: Name=NetD22_3
Added Pin To Net: NetName=NetD23_1 Pin=D23-1
Added Pin To Net: NetName=NetD23_1 Pin=U12-3
Added Net: Name=NetD23_1
Added Pin To Net: NetName=NetD23_2 Pin=D23-2
Added Pin To Net: NetName=NetD23_2 Pin=U12-2
Added Net: Name=NetD23_2
Added Pin To Net: NetName=NetD23_3 Pin=D23-3
Added Pin To Net: NetName=NetD23_3 Pin=U12-1
Added Net: Name=NetD23_3
Added Pin To Net: NetName=NetD24_1 Pin=D24-1
Added Pin To Net: NetName=NetD24_1 Pin=U12-8
Added Net: Name=NetD24_1
Added Pin To Net: NetName=NetD24_2 Pin=D24-2
Added Pin To Net: NetName=NetD24_2 Pin=U12-7
Added Net: Name=NetD24_2
Added Pin To Net: NetName=NetD24_3 Pin=D24-3
Added Pin To Net: NetName=NetD24_3 Pin=U12-6
Added Net: Name=NetD24_3
Added Pin To Net: NetName=NetD25_1 Pin=D25-1
Added Pin To Net: NetName=NetD25_1 Pin=U13-3
Added Net: Name=NetD25_1
Added Pin To Net: NetName=NetD25_2 Pin=D25-2
Added Pin To Net: NetName=NetD25_2 Pin=U13-2
Added Net: Name=NetD25_2
Added Pin To Net: NetName=NetD25_3 Pin=D25-3
Added Pin To Net: NetName=NetD25_3 Pin=U13-1
Added Net: Name=NetD25_3
Added Pin To Net: NetName=NetD26_1 Pin=D26-1
Added Pin To Net: NetName=NetD26_1 Pin=U13-8
Added Net: Name=NetD26_1
Added Pin To Net: NetName=NetD26_2 Pin=D26-2
Added Pin To Net: NetName=NetD26_2 Pin=U13-7
Added Net: Name=NetD26_2
Added Pin To Net: NetName=NetD26_3 Pin=D26-3
Added Pin To Net: NetName=NetD26_3 Pin=U13-6
Added Net: Name=NetD26_3
Added Pin To Net: NetName=NetD27_1 Pin=D27-1
Added Pin To Net: NetName=NetD27_1 Pin=U14-3
Added Net: Name=NetD27_1
Added Pin To Net: NetName=NetD27_2 Pin=D27-2
Added Pin To Net: NetName=NetD27_2 Pin=U14-2
Added Net: Name=NetD27_2
Added Pin To Net: NetName=NetD27_3 Pin=D27-3
Added Pin To Net: NetName=NetD27_3 Pin=U14-1
Added Net: Name=NetD27_3
Added Pin To Net: NetName=NetD28_1 Pin=D28-1
Added Pin To Net: NetName=NetD28_1 Pin=U14-8
Added Net: Name=NetD28_1
Added Pin To Net: NetName=NetD28_2 Pin=D28-2
Added Pin To Net: NetName=NetD28_2 Pin=U14-7
Added Net: Name=NetD28_2
Added Pin To Net: NetName=NetD28_3 Pin=D28-3
Added Pin To Net: NetName=NetD28_3 Pin=U14-6
Added Net: Name=NetD28_3
Added Pin To Net: NetName=NetD29_1 Pin=D29-1
Added Pin To Net: NetName=NetD29_1 Pin=U15-3
Added Net: Name=NetD29_1
Added Pin To Net: NetName=NetD29_2 Pin=D29-2
Added Pin To Net: NetName=NetD29_2 Pin=U15-2
Added Net: Name=NetD29_2
Added Pin To Net: NetName=NetD29_3 Pin=D29-3
Added Pin To Net: NetName=NetD29_3 Pin=U15-1
Added Net: Name=NetD29_3
Added Pin To Net: NetName=NetD30_1 Pin=D30-1
Added Pin To Net: NetName=NetD30_1 Pin=U15-8
Added Net: Name=NetD30_1
Added Pin To Net: NetName=NetD30_2 Pin=D30-2
Added Pin To Net: NetName=NetD30_2 Pin=U15-7
Added Net: Name=NetD30_2
Added Pin To Net: NetName=NetD30_3 Pin=D30-3
Added Pin To Net: NetName=NetD30_3 Pin=U15-6
Added Net: Name=NetD30_3
Added Pin To Net: NetName=NetU1_9 Pin=U1-9
Added Pin To Net: NetName=NetU1_9 Pin=U2-16
Added Net: Name=NetU1_9
Added Pin To Net: NetName=NetU1_10 Pin=U1-10
Added Pin To Net: NetName=NetU1_10 Pin=U2-15
Added Net: Name=NetU1_10
Added Pin To Net: NetName=NetU2_9 Pin=U2-9
Added Pin To Net: NetName=NetU2_9 Pin=U3-16
Added Net: Name=NetU2_9
Added Pin To Net: NetName=NetU2_10 Pin=U2-10
Added Pin To Net: NetName=NetU2_10 Pin=U3-15
Added Net: Name=NetU2_10
Added Pin To Net: NetName=NetU3_9 Pin=U3-9
Added Pin To Net: NetName=NetU3_9 Pin=U4-16
Added Net: Name=NetU3_9
Added Pin To Net: NetName=NetU3_10 Pin=U3-10
Added Pin To Net: NetName=NetU3_10 Pin=U4-15
Added Net: Name=NetU3_10
Added Pin To Net: NetName=NetU4_9 Pin=U4-9
Added Pin To Net: NetName=NetU4_9 Pin=U5-16
Added Net: Name=NetU4_9
Added Pin To Net: NetName=NetU4_10 Pin=U4-10
Added Pin To Net: NetName=NetU4_10 Pin=U5-15
Added Net: Name=NetU4_10
Added Pin To Net: NetName=NetU5_9 Pin=U5-9
Added Pin To Net: NetName=NetU5_9 Pin=U6-16
Added Net: Name=NetU5_9
Added Pin To Net: NetName=NetU5_10 Pin=U5-10
Added Pin To Net: NetName=NetU5_10 Pin=U6-15
Added Net: Name=NetU5_10
Added Pin To Net: NetName=NetU6_9 Pin=U6-9
Added Pin To Net: NetName=NetU6_9 Pin=U7-16
Added Net: Name=NetU6_9
Added Pin To Net: NetName=NetU6_10 Pin=U6-10
Added Pin To Net: NetName=NetU6_10 Pin=U7-15
Added Net: Name=NetU6_10
Added Pin To Net: NetName=NetU7_9 Pin=U7-9
Added Pin To Net: NetName=NetU7_9 Pin=U8-16
Added Net: Name=NetU7_9
Added Pin To Net: NetName=NetU7_10 Pin=U7-10
Added Pin To Net: NetName=NetU7_10 Pin=U8-15
Added Net: Name=NetU7_10
Added Pin To Net: NetName=NetU8_9 Pin=U8-9
Added Pin To Net: NetName=NetU8_9 Pin=U9-16
Added Net: Name=NetU8_9
Added Pin To Net: NetName=NetU8_10 Pin=U8-10
Added Pin To Net: NetName=NetU8_10 Pin=U9-15
Added Net: Name=NetU8_10
Added Pin To Net: NetName=NetU9_9 Pin=U9-9
Added Pin To Net: NetName=NetU9_9 Pin=U10-16
Added Net: Name=NetU9_9
Added Pin To Net: NetName=NetU9_10 Pin=U9-10
Added Pin To Net: NetName=NetU9_10 Pin=U10-15
Added Net: Name=NetU9_10
Added Pin To Net: NetName=NetU11_9 Pin=U11-9
Added Pin To Net: NetName=NetU11_9 Pin=U12-16
Added Net: Name=NetU11_9
Added Pin To Net: NetName=NetU11_10 Pin=U11-10
Added Pin To Net: NetName=NetU11_10 Pin=U12-15
Added Net: Name=NetU11_10
Added Pin To Net: NetName=NetU12_9 Pin=U12-9
Added Pin To Net: NetName=NetU12_9 Pin=U13-16
Added Net: Name=NetU12_9
Added Pin To Net: NetName=NetU12_10 Pin=U12-10
Added Pin To Net: NetName=NetU12_10 Pin=U13-15
Added Net: Name=NetU12_10
Added Pin To Net: NetName=NetU13_9 Pin=U13-9
Added Pin To Net: NetName=NetU13_9 Pin=U14-16
Added Net: Name=NetU13_9
Added Pin To Net: NetName=NetU13_10 Pin=U13-10
Added Pin To Net: NetName=NetU13_10 Pin=U14-15
Added Net: Name=NetU13_10
Added Pin To Net: NetName=NetU14_9 Pin=U14-9
Added Pin To Net: NetName=NetU14_9 Pin=U15-16
Added Net: Name=NetU14_9
Added Pin To Net: NetName=NetU14_10 Pin=U14-10
Added Pin To Net: NetName=NetU14_10 Pin=U15-15
Added Net: Name=NetU14_10
Added Pin To Net: NetName=VCCBAT Pin=D1-4
Added Pin To Net: NetName=VCCBAT Pin=D1-5
Added Pin To Net: NetName=VCCBAT Pin=D1-6
Added Pin To Net: NetName=VCCBAT Pin=D2-4
Added Pin To Net: NetName=VCCBAT Pin=D2-5
Added Pin To Net: NetName=VCCBAT Pin=D2-6
Added Pin To Net: NetName=VCCBAT Pin=D3-4
Added Pin To Net: NetName=VCCBAT Pin=D3-5
Added Pin To Net: NetName=VCCBAT Pin=D3-6
Added Pin To Net: NetName=VCCBAT Pin=D4-4
Added Pin To Net: NetName=VCCBAT Pin=D4-5
Added Pin To Net: NetName=VCCBAT Pin=D4-6
Added Pin To Net: NetName=VCCBAT Pin=D5-4
Added Pin To Net: NetName=VCCBAT Pin=D5-5
Added Pin To Net: NetName=VCCBAT Pin=D5-6
Added Pin To Net: NetName=VCCBAT Pin=D6-4
Added Pin To Net: NetName=VCCBAT Pin=D6-5
Added Pin To Net: NetName=VCCBAT Pin=D6-6
Added Pin To Net: NetName=VCCBAT Pin=D7-4
Added Pin To Net: NetName=VCCBAT Pin=D7-5
Added Pin To Net: NetName=VCCBAT Pin=D7-6
Added Pin To Net: NetName=VCCBAT Pin=D8-4
Added Pin To Net: NetName=VCCBAT Pin=D8-5
Added Pin To Net: NetName=VCCBAT Pin=D8-6
Added Pin To Net: NetName=VCCBAT Pin=D9-4
Added Pin To Net: NetName=VCCBAT Pin=D9-5
Added Pin To Net: NetName=VCCBAT Pin=D9-6
Added Pin To Net: NetName=VCCBAT Pin=D10-4
Added Pin To Net: NetName=VCCBAT Pin=D10-5
Added Pin To Net: NetName=VCCBAT Pin=D10-6
Added Pin To Net: NetName=VCCBAT Pin=D11-4
Added Pin To Net: NetName=VCCBAT Pin=D11-5
Added Pin To Net: NetName=VCCBAT Pin=D11-6
Added Pin To Net: NetName=VCCBAT Pin=D12-4
Added Pin To Net: NetName=VCCBAT Pin=D12-5
Added Pin To Net: NetName=VCCBAT Pin=D12-6
Added Pin To Net: NetName=VCCBAT Pin=D13-4
Added Pin To Net: NetName=VCCBAT Pin=D13-5
Added Pin To Net: NetName=VCCBAT Pin=D13-6
Added Pin To Net: NetName=VCCBAT Pin=D14-4
Added Pin To Net: NetName=VCCBAT Pin=D14-5
Added Pin To Net: NetName=VCCBAT Pin=D14-6
Added Pin To Net: NetName=VCCBAT Pin=D15-4
Added Pin To Net: NetName=VCCBAT Pin=D15-5
Added Pin To Net: NetName=VCCBAT Pin=D15-6
Added Pin To Net: NetName=VCCBAT Pin=D16-4
Added Pin To Net: NetName=VCCBAT Pin=D16-5
Added Pin To Net: NetName=VCCBAT Pin=D16-6
Added Pin To Net: NetName=VCCBAT Pin=D17-4
Added Pin To Net: NetName=VCCBAT Pin=D17-5
Added Pin To Net: NetName=VCCBAT Pin=D17-6
Added Pin To Net: NetName=VCCBAT Pin=D18-4
Added Pin To Net: NetName=VCCBAT Pin=D18-5
Added Pin To Net: NetName=VCCBAT Pin=D18-6
Added Pin To Net: NetName=VCCBAT Pin=D19-4
Added Pin To Net: NetName=VCCBAT Pin=D19-5
Added Pin To Net: NetName=VCCBAT Pin=D19-6
Added Pin To Net: NetName=VCCBAT Pin=D20-4
Added Pin To Net: NetName=VCCBAT Pin=D20-5
Added Pin To Net: NetName=VCCBAT Pin=D20-6
Added Pin To Net: NetName=VCCBAT Pin=D21-4
Added Pin To Net: NetName=VCCBAT Pin=D21-5
Added Pin To Net: NetName=VCCBAT Pin=D21-6
Added Pin To Net: NetName=VCCBAT Pin=D22-4
Added Pin To Net: NetName=VCCBAT Pin=D22-5
Added Pin To Net: NetName=VCCBAT Pin=D22-6
Added Pin To Net: NetName=VCCBAT Pin=D23-4
Added Pin To Net: NetName=VCCBAT Pin=D23-5
Added Pin To Net: NetName=VCCBAT Pin=D23-6
Added Pin To Net: NetName=VCCBAT Pin=D24-4
Added Pin To Net: NetName=VCCBAT Pin=D24-5
Added Pin To Net: NetName=VCCBAT Pin=D24-6
Added Pin To Net: NetName=VCCBAT Pin=D25-4
Added Pin To Net: NetName=VCCBAT Pin=D25-5
Added Pin To Net: NetName=VCCBAT Pin=D25-6
Added Pin To Net: NetName=VCCBAT Pin=D26-4
Added Pin To Net: NetName=VCCBAT Pin=D26-5
Added Pin To Net: NetName=VCCBAT Pin=D26-6
Added Pin To Net: NetName=VCCBAT Pin=D27-4
Added Pin To Net: NetName=VCCBAT Pin=D27-5
Added Pin To Net: NetName=VCCBAT Pin=D27-6
Added Pin To Net: NetName=VCCBAT Pin=D28-4
Added Pin To Net: NetName=VCCBAT Pin=D28-5
Added Pin To Net: NetName=VCCBAT Pin=D28-6
Added Pin To Net: NetName=VCCBAT Pin=D29-4
Added Pin To Net: NetName=VCCBAT Pin=D29-5
Added Pin To Net: NetName=VCCBAT Pin=D29-6
Added Pin To Net: NetName=VCCBAT Pin=D30-4
Added Pin To Net: NetName=VCCBAT Pin=D30-5
Added Pin To Net: NetName=VCCBAT Pin=D30-6
Added Pin To Net: NetName=VCCBAT Pin=J1-9
Added Pin To Net: NetName=VCCBAT Pin=J1-10
Added Pin To Net: NetName=VCCBAT Pin=J2-9
Added Pin To Net: NetName=VCCBAT Pin=J2-10
Added Net: Name=VCCBAT
Added Pin To Net: NetName=VCC Pin=C1-1
Added Pin To Net: NetName=VCC Pin=C2-1
Added Pin To Net: NetName=VCC Pin=C3-1
Added Pin To Net: NetName=VCC Pin=C4-1
Added Pin To Net: NetName=VCC Pin=C11-2
Added Pin To Net: NetName=VCC Pin=C12-2
Added Pin To Net: NetName=VCC Pin=C13-2
Added Pin To Net: NetName=VCC Pin=C14-2
Added Pin To Net: NetName=VCC Pin=C15-2
Added Pin To Net: NetName=VCC Pin=C16-2
Added Pin To Net: NetName=VCC Pin=C17-2
Added Pin To Net: NetName=VCC Pin=C18-2
Added Pin To Net: NetName=VCC Pin=C19-2
Added Pin To Net: NetName=VCC Pin=C20-2
Added Pin To Net: NetName=VCC Pin=C21-1
Added Pin To Net: NetName=VCC Pin=C22-1
Added Pin To Net: NetName=VCC Pin=J1-5
Added Pin To Net: NetName=VCC Pin=J1-6
Added Pin To Net: NetName=VCC Pin=J2-5
Added Pin To Net: NetName=VCC Pin=J2-6
Added Pin To Net: NetName=VCC Pin=U1-4
Added Pin To Net: NetName=VCC Pin=U2-4
Added Pin To Net: NetName=VCC Pin=U3-4
Added Pin To Net: NetName=VCC Pin=U4-4
Added Pin To Net: NetName=VCC Pin=U5-4
Added Pin To Net: NetName=VCC Pin=U6-4
Added Pin To Net: NetName=VCC Pin=U7-4
Added Pin To Net: NetName=VCC Pin=U8-4
Added Pin To Net: NetName=VCC Pin=U9-4
Added Pin To Net: NetName=VCC Pin=U10-4
Added Pin To Net: NetName=VCC Pin=U11-4
Added Pin To Net: NetName=VCC Pin=U12-4
Added Pin To Net: NetName=VCC Pin=U13-4
Added Pin To Net: NetName=VCC Pin=U14-4
Added Pin To Net: NetName=VCC Pin=U15-4
Added Net: Name=VCC
