Removed Pin From Net: NetName=VCC Pin=C26-1
Removed Pin From Net: NetName=GND Pin=C26-2
Removed Pin From Net: NetName=VCC Pin=C27-1
Removed Pin From Net: NetName=GND Pin=C27-2
Removed Pin From Net: NetName=VCC Pin=C28-1
Removed Pin From Net: NetName=GND Pin=C28-2
Removed Pin From Net: NetName=VCC Pin=C29-1
Removed Pin From Net: NetName=GND Pin=C29-2
Removed Pin From Net: NetName=VCC Pin=C30-1
Removed Pin From Net: NetName=GND Pin=C30-2
Removed Pin From Net: NetName=GND Pin=C31-1
Removed Pin From Net: NetName=VCC Pin=C31-2
Removed Pin From Net: NetName=GND Pin=C32-1
Removed Pin From Net: NetName=VCC Pin=C32-2
Removed Pin From Net: NetName=GND Pin=C33-1
Removed Pin From Net: NetName=VCC Pin=C33-2
Removed Pin From Net: NetName=GND Pin=C34-1
Removed Pin From Net: NetName=VCC Pin=C34-2
Removed Pin From Net: NetName=GND Pin=C35-1
Removed Pin From Net: NetName=VCC Pin=C35-2
Removed Pin From Net: NetName=GND Pin=C36-1
Removed Pin From Net: NetName=VCC Pin=C36-2
Removed Pin From Net: NetName=GND Pin=C37-1
Removed Pin From Net: NetName=VCC Pin=C37-2
Removed Pin From Net: NetName=GND Pin=C38-1
Removed Pin From Net: NetName=VCC Pin=C38-2
Removed Pin From Net: NetName=GND Pin=C39-1
Removed Pin From Net: NetName=VCC Pin=C39-2
Removed Pin From Net: NetName=GND Pin=C40-1
Removed Pin From Net: NetName=VCC Pin=C40-2
Removed Pin From Net: NetName=VCCBAT Pin=D31-4
Removed Pin From Net: NetName=VCCBAT Pin=D31-5
Removed Pin From Net: NetName=VCCBAT Pin=D31-6
Removed Pin From Net: NetName=VCCBAT Pin=D32-4
Removed Pin From Net: NetName=VCCBAT Pin=D32-5
Removed Pin From Net: NetName=VCCBAT Pin=D32-6
Removed Pin From Net: NetName=VCCBAT Pin=D33-4
Removed Pin From Net: NetName=VCCBAT Pin=D33-5
Removed Pin From Net: NetName=VCCBAT Pin=D33-6
Removed Pin From Net: NetName=VCCBAT Pin=D34-4
Removed Pin From Net: NetName=VCCBAT Pin=D34-5
Removed Pin From Net: NetName=VCCBAT Pin=D34-6
Removed Pin From Net: NetName=VCCBAT Pin=D35-4
Removed Pin From Net: NetName=VCCBAT Pin=D35-5
Removed Pin From Net: NetName=VCCBAT Pin=D35-6
Removed Pin From Net: NetName=VCCBAT Pin=D36-4
Removed Pin From Net: NetName=VCCBAT Pin=D36-5
Removed Pin From Net: NetName=VCCBAT Pin=D36-6
Removed Pin From Net: NetName=VCCBAT Pin=D37-4
Removed Pin From Net: NetName=VCCBAT Pin=D37-5
Removed Pin From Net: NetName=VCCBAT Pin=D37-6
Removed Pin From Net: NetName=VCCBAT Pin=D38-4
Removed Pin From Net: NetName=VCCBAT Pin=D38-5
Removed Pin From Net: NetName=VCCBAT Pin=D38-6
Removed Pin From Net: NetName=VCCBAT Pin=D39-4
Removed Pin From Net: NetName=VCCBAT Pin=D39-5
Removed Pin From Net: NetName=VCCBAT Pin=D39-6
Removed Pin From Net: NetName=VCCBAT Pin=D40-4
Removed Pin From Net: NetName=VCCBAT Pin=D40-5
Removed Pin From Net: NetName=VCCBAT Pin=D40-6
Removed Pin From Net: NetName=VCCBAT Pin=D41-4
Removed Pin From Net: NetName=VCCBAT Pin=D41-5
Removed Pin From Net: NetName=VCCBAT Pin=D41-6
Removed Pin From Net: NetName=VCCBAT Pin=D42-4
Removed Pin From Net: NetName=VCCBAT Pin=D42-5
Removed Pin From Net: NetName=VCCBAT Pin=D42-6
Removed Pin From Net: NetName=VCCBAT Pin=D43-4
Removed Pin From Net: NetName=VCCBAT Pin=D43-5
Removed Pin From Net: NetName=VCCBAT Pin=D43-6
Removed Pin From Net: NetName=VCCBAT Pin=D44-4
Removed Pin From Net: NetName=VCCBAT Pin=D44-5
Removed Pin From Net: NetName=VCCBAT Pin=D44-6
Removed Pin From Net: NetName=VCCBAT Pin=D45-4
Removed Pin From Net: NetName=VCCBAT Pin=D45-5
Removed Pin From Net: NetName=VCCBAT Pin=D45-6
Removed Pin From Net: NetName=VCCBAT Pin=D46-4
Removed Pin From Net: NetName=VCCBAT Pin=D46-5
Removed Pin From Net: NetName=VCCBAT Pin=D46-6
Removed Pin From Net: NetName=VCCBAT Pin=D47-4
Removed Pin From Net: NetName=VCCBAT Pin=D47-5
Removed Pin From Net: NetName=VCCBAT Pin=D47-6
Removed Pin From Net: NetName=VCCBAT Pin=D48-4
Removed Pin From Net: NetName=VCCBAT Pin=D48-5
Removed Pin From Net: NetName=VCCBAT Pin=D48-6
Removed Pin From Net: NetName=VCCBAT Pin=D49-4
Removed Pin From Net: NetName=VCCBAT Pin=D49-5
Removed Pin From Net: NetName=VCCBAT Pin=D49-6
Removed Pin From Net: NetName=VCCBAT Pin=D50-4
Removed Pin From Net: NetName=VCCBAT Pin=D50-5
Removed Pin From Net: NetName=VCCBAT Pin=D50-6
Removed Pin From Net: NetName=VCCBAT Pin=D51-4
Removed Pin From Net: NetName=VCCBAT Pin=D51-5
Removed Pin From Net: NetName=VCCBAT Pin=D51-6
Removed Pin From Net: NetName=VCCBAT Pin=D52-4
Removed Pin From Net: NetName=VCCBAT Pin=D52-5
Removed Pin From Net: NetName=VCCBAT Pin=D52-6
Removed Pin From Net: NetName=VCCBAT Pin=D53-4
Removed Pin From Net: NetName=VCCBAT Pin=D53-5
Removed Pin From Net: NetName=VCCBAT Pin=D53-6
Removed Pin From Net: NetName=VCCBAT Pin=D54-4
Removed Pin From Net: NetName=VCCBAT Pin=D54-5
Removed Pin From Net: NetName=VCCBAT Pin=D54-6
Removed Pin From Net: NetName=VCCBAT Pin=D55-4
Removed Pin From Net: NetName=VCCBAT Pin=D55-5
Removed Pin From Net: NetName=VCCBAT Pin=D55-6
Removed Pin From Net: NetName=VCCBAT Pin=D56-4
Removed Pin From Net: NetName=VCCBAT Pin=D56-5
Removed Pin From Net: NetName=VCCBAT Pin=D56-6
Removed Pin From Net: NetName=VCCBAT Pin=D57-4
Removed Pin From Net: NetName=VCCBAT Pin=D57-5
Removed Pin From Net: NetName=VCCBAT Pin=D57-6
Removed Pin From Net: NetName=VCCBAT Pin=D58-4
Removed Pin From Net: NetName=VCCBAT Pin=D58-5
Removed Pin From Net: NetName=VCCBAT Pin=D58-6
Removed Pin From Net: NetName=VCCBAT Pin=D59-4
Removed Pin From Net: NetName=VCCBAT Pin=D59-5
Removed Pin From Net: NetName=VCCBAT Pin=D59-6
Removed Pin From Net: NetName=VCCBAT Pin=D60-4
Removed Pin From Net: NetName=VCCBAT Pin=D60-5
Removed Pin From Net: NetName=VCCBAT Pin=D60-6
Removed Pin From Net: NetName=VCC Pin=U16-4
Removed Pin From Net: NetName=GND Pin=U16-5
Removed Pin From Net: NetName=GND Pin=U16-13
Removed Pin From Net: NetName=VCC Pin=U17-4
Removed Pin From Net: NetName=GND Pin=U17-5
Removed Pin From Net: NetName=GND Pin=U17-13
Removed Pin From Net: NetName=VCC Pin=U18-4
Removed Pin From Net: NetName=GND Pin=U18-5
Removed Pin From Net: NetName=GND Pin=U18-13
Removed Pin From Net: NetName=VCC Pin=U19-4
Removed Pin From Net: NetName=GND Pin=U19-5
Removed Pin From Net: NetName=GND Pin=U19-13
Removed Pin From Net: NetName=VCC Pin=U20-4
Removed Pin From Net: NetName=GND Pin=U20-5
Removed Pin From Net: NetName=GND Pin=U20-13
Removed Pin From Net: NetName=VCC Pin=U21-4
Removed Pin From Net: NetName=GND Pin=U21-5
Removed Pin From Net: NetName=GND Pin=U21-13
Removed Pin From Net: NetName=VCC Pin=U22-4
Removed Pin From Net: NetName=GND Pin=U22-5
Removed Pin From Net: NetName=GND Pin=U22-13
Removed Pin From Net: NetName=VCC Pin=U23-4
Removed Pin From Net: NetName=GND Pin=U23-5
Removed Pin From Net: NetName=GND Pin=U23-13
Removed Pin From Net: NetName=VCC Pin=U24-4
Removed Pin From Net: NetName=GND Pin=U24-5
Removed Pin From Net: NetName=GND Pin=U24-13
Removed Pin From Net: NetName=VCC Pin=U25-4
Removed Pin From Net: NetName=GND Pin=U25-5
Removed Pin From Net: NetName=GND Pin=U25-13
Removed Pin From Net: NetName=VCC Pin=U26-4
Removed Pin From Net: NetName=GND Pin=U26-5
Removed Pin From Net: NetName=GND Pin=U26-13
Removed Pin From Net: NetName=VCC Pin=U27-4
Removed Pin From Net: NetName=GND Pin=U27-5
Removed Pin From Net: NetName=GND Pin=U27-13
Removed Pin From Net: NetName=VCC Pin=U28-4
Removed Pin From Net: NetName=GND Pin=U28-5
Removed Pin From Net: NetName=GND Pin=U28-13
Removed Pin From Net: NetName=VCC Pin=U29-4
Removed Pin From Net: NetName=GND Pin=U29-5
Removed Pin From Net: NetName=GND Pin=U29-13
Removed Pin From Net: NetName=VCC Pin=U30-4
Removed Pin From Net: NetName=GND Pin=U30-5
Removed Pin From Net: NetName=CLK31 Pin=U30-9
Removed Pin From Net: NetName=DAT31 Pin=U30-10
Removed Pin From Net: NetName=GND Pin=U30-13
Removed Member From Class: ClassName=Sheet1 Member=C26
Removed Member From Class: ClassName=Sheet1 Member=C27
Removed Member From Class: ClassName=Sheet1 Member=C28
Removed Member From Class: ClassName=Sheet1 Member=C29
Removed Member From Class: ClassName=Sheet1 Member=C30
Removed Member From Class: ClassName=Sheet1 Member=C31
Removed Member From Class: ClassName=Sheet1 Member=C32
Removed Member From Class: ClassName=Sheet1 Member=C33
Removed Member From Class: ClassName=Sheet1 Member=C34
Removed Member From Class: ClassName=Sheet1 Member=C35
Removed Member From Class: ClassName=Sheet1 Member=C36
Removed Member From Class: ClassName=Sheet1 Member=C37
Removed Member From Class: ClassName=Sheet1 Member=C38
Removed Member From Class: ClassName=Sheet1 Member=C39
Removed Member From Class: ClassName=Sheet1 Member=C40
Removed Member From Class: ClassName=Sheet1 Member=D31
Removed Member From Class: ClassName=Sheet1 Member=D32
Removed Member From Class: ClassName=Sheet1 Member=D33
Removed Member From Class: ClassName=Sheet1 Member=D34
Removed Member From Class: ClassName=Sheet1 Member=D35
Removed Member From Class: ClassName=Sheet1 Member=D36
Removed Member From Class: ClassName=Sheet1 Member=D37
Removed Member From Class: ClassName=Sheet1 Member=D38
Removed Member From Class: ClassName=Sheet1 Member=D39
Removed Member From Class: ClassName=Sheet1 Member=D40
Removed Member From Class: ClassName=Sheet1 Member=D41
Removed Member From Class: ClassName=Sheet1 Member=D42
Removed Member From Class: ClassName=Sheet1 Member=D43
Removed Member From Class: ClassName=Sheet1 Member=D44
Removed Member From Class: ClassName=Sheet1 Member=D45
Removed Member From Class: ClassName=Sheet1 Member=D46
Removed Member From Class: ClassName=Sheet1 Member=D47
Removed Member From Class: ClassName=Sheet1 Member=D48
Removed Member From Class: ClassName=Sheet1 Member=D49
Removed Member From Class: ClassName=Sheet1 Member=D50
Removed Member From Class: ClassName=Sheet1 Member=D51
Removed Member From Class: ClassName=Sheet1 Member=D52
Removed Member From Class: ClassName=Sheet1 Member=D53
Removed Member From Class: ClassName=Sheet1 Member=D54
Removed Member From Class: ClassName=Sheet1 Member=D55
Removed Member From Class: ClassName=Sheet1 Member=D56
Removed Member From Class: ClassName=Sheet1 Member=D57
Removed Member From Class: ClassName=Sheet1 Member=D58
Removed Member From Class: ClassName=Sheet1 Member=D59
Removed Member From Class: ClassName=Sheet1 Member=D60
Removed Member From Class: ClassName=Sheet1 Member=U16
Removed Member From Class: ClassName=Sheet1 Member=U17
Removed Member From Class: ClassName=Sheet1 Member=U18
Removed Member From Class: ClassName=Sheet1 Member=U19
Removed Member From Class: ClassName=Sheet1 Member=U20
Removed Member From Class: ClassName=Sheet1 Member=U21
Removed Member From Class: ClassName=Sheet1 Member=U22
Removed Member From Class: ClassName=Sheet1 Member=U23
Removed Member From Class: ClassName=Sheet1 Member=U24
Removed Member From Class: ClassName=Sheet1 Member=U25
Removed Member From Class: ClassName=Sheet1 Member=U26
Removed Member From Class: ClassName=Sheet1 Member=U27
Removed Member From Class: ClassName=Sheet1 Member=U28
Removed Member From Class: ClassName=Sheet1 Member=U29
Removed Member From Class: ClassName=Sheet1 Member=U30
Added Pin To Net: NetName=CLK31 Pin=U15-9
Added Pin To Net: NetName=DAT31 Pin=U15-10
Change Class Name : Old Net Name=Sheet1 New Net Name=led30Sheet1
Change Room Name: Old Name=Sheet1 New Name=led30Sheet1
Change Room Scope: Old Scope=InComponentClass('Sheet1') New Scope=InComponentClass('led30Sheet1')
