Added Component: Designator=C1(0402)
Added Component: Designator=C2(0402)
Added Component: Designator=C3(0402)
Added Component: Designator=C4(0402)
Added Component: Designator=C5(0402)
Added Component: Designator=C6(0402)
Added Component: Designator=C7(0402)
Added Component: Designator=C8(0402)
Added Component: Designator=C9(0402)
Added Component: Designator=C10(0402)
Added Component: Designator=C11(0402)
Added Component: Designator=C12(0402)
Added Component: Designator=C13(0402)
Added Component: Designator=C14(0402)
Added Component: Designator=C15(0402)
Added Component: Designator=C16(0402)
Added Component: Designator=C17(0402)
Added Component: Designator=C18(0402)
Added Component: Designator=C19(0402)
Added Component: Designator=C20(0402)
Added Component: Designator=C21(0402)
Added Component: Designator=C22(0402)
Added Component: Designator=C23(0402)
Added Component: Designator=C24(0402)
Added Component: Designator=C25(0402)
Added Component: Designator=C26(0402)
Added Component: Designator=C27(0402)
Added Component: Designator=C28(0402)
Added Component: Designator=C29(0402)
Added Component: Designator=C30(0402)
Added Component: Designator=C31(0402)
Added Component: Designator=C32(0402)
Added Component: Designator=C33(0402)
Added Component: Designator=C34(0402)
Added Component: Designator=C35(0402)
Added Component: Designator=C36(0402)
Added Component: Designator=C37(0402)
Added Component: Designator=C38(0402)
Added Component: Designator=C39(0402)
Added Component: Designator=C40(0402)
Added Component: Designator=D1(SON150P500X150_HS-7N)
Added Component: Designator=D2(SON150P500X150_HS-7N)
Added Component: Designator=D3(SON150P500X150_HS-7N)
Added Component: Designator=D4(SON150P500X150_HS-7N)
Added Component: Designator=D5(SON150P500X150_HS-7N)
Added Component: Designator=D6(SON150P500X150_HS-7N)
Added Component: Designator=D7(SON150P500X150_HS-7N)
Added Component: Designator=D8(SON150P500X150_HS-7N)
Added Component: Designator=D9(SON150P500X150_HS-7N)
Added Component: Designator=D10(SON150P500X150_HS-7N)
Added Component: Designator=D11(SON150P500X150_HS-7N)
Added Component: Designator=D12(SON150P500X150_HS-7N)
Added Component: Designator=D13(SON150P500X150_HS-7N)
Added Component: Designator=D14(SON150P500X150_HS-7N)
Added Component: Designator=D15(SON150P500X150_HS-7N)
Added Component: Designator=D16(SON150P500X150_HS-7N)
Added Component: Designator=D17(SON150P500X150_HS-7N)
Added Component: Designator=D18(SON150P500X150_HS-7N)
Added Component: Designator=D19(SON150P500X150_HS-7N)
Added Component: Designator=D20(SON150P500X150_HS-7N)
Added Component: Designator=D21(SON150P500X150_HS-7N)
Added Component: Designator=D22(SON150P500X150_HS-7N)
Added Component: Designator=D23(SON150P500X150_HS-7N)
Added Component: Designator=D24(SON150P500X150_HS-7N)
Added Component: Designator=D25(SON150P500X150_HS-7N)
Added Component: Designator=D26(SON150P500X150_HS-7N)
Added Component: Designator=D27(SON150P500X150_HS-7N)
Added Component: Designator=D28(SON150P500X150_HS-7N)
Added Component: Designator=D29(SON150P500X150_HS-7N)
Added Component: Designator=D30(SON150P500X150_HS-7N)
Added Component: Designator=D31(SON150P500X150_HS-7N)
Added Component: Designator=D32(SON150P500X150_HS-7N)
Added Component: Designator=D33(SON150P500X150_HS-7N)
Added Component: Designator=D34(SON150P500X150_HS-7N)
Added Component: Designator=D35(SON150P500X150_HS-7N)
Added Component: Designator=D36(SON150P500X150_HS-7N)
Added Component: Designator=D37(SON150P500X150_HS-7N)
Added Component: Designator=D38(SON150P500X150_HS-7N)
Added Component: Designator=D39(SON150P500X150_HS-7N)
Added Component: Designator=D40(SON150P500X150_HS-7N)
Added Component: Designator=D41(SON150P500X150_HS-7N)
Added Component: Designator=D42(SON150P500X150_HS-7N)
Added Component: Designator=D43(SON150P500X150_HS-7N)
Added Component: Designator=D44(SON150P500X150_HS-7N)
Added Component: Designator=D45(SON150P500X150_HS-7N)
Added Component: Designator=D46(SON150P500X150_HS-7N)
Added Component: Designator=D47(SON150P500X150_HS-7N)
Added Component: Designator=D48(SON150P500X150_HS-7N)
Added Component: Designator=D49(SON150P500X150_HS-7N)
Added Component: Designator=D50(SON150P500X150_HS-7N)
Added Component: Designator=D51(SON150P500X150_HS-7N)
Added Component: Designator=D52(SON150P500X150_HS-7N)
Added Component: Designator=D53(SON150P500X150_HS-7N)
Added Component: Designator=D54(SON150P500X150_HS-7N)
Added Component: Designator=D55(SON150P500X150_HS-7N)
Added Component: Designator=D56(SON150P500X150_HS-7N)
Added Component: Designator=D57(SON150P500X150_HS-7N)
Added Component: Designator=D58(SON150P500X150_HS-7N)
Added Component: Designator=D59(SON150P500X150_HS-7N)
Added Component: Designator=D60(SON150P500X150_HS-7N)
Added Component: Designator=J1(PPTC101LFBN-RC)
Added Component: Designator=J2(PPTC101LFBN-RC)
Added Component: Designator=U1(SOP127P600-8N)
Added Component: Designator=U2(SOP127P600-8N)
Added Component: Designator=U3(SOP127P600-8N)
Added Component: Designator=U4(SOP127P600-8N)
Added Component: Designator=U5(SOP127P600-8N)
Added Component: Designator=U6(SOP127P600-8N)
Added Component: Designator=U7(SOP127P600-8N)
Added Component: Designator=U8(SOP127P600-8N)
Added Component: Designator=U9(SOP127P600-8N)
Added Component: Designator=U10(SOP127P600-8N)
Added Component: Designator=U11(SOP127P600-8N)
Added Component: Designator=U12(SOP127P600-8N)
Added Component: Designator=U13(SOP127P600-8N)
Added Component: Designator=U14(SOP127P600-8N)
Added Component: Designator=U15(SOP127P600-8N)
Added Component: Designator=U16(SOP127P600-8N)
Added Component: Designator=U17(SOP127P600-8N)
Added Component: Designator=U18(SOP127P600-8N)
Added Component: Designator=U19(SOP127P600-8N)
Added Component: Designator=U20(SOP127P600-8N)
Added Component: Designator=U21(SOP127P600-8N)
Added Component: Designator=U22(SOP127P600-8N)
Added Component: Designator=U23(SOP127P600-8N)
Added Component: Designator=U24(SOP127P600-8N)
Added Component: Designator=U25(SOP127P600-8N)
Added Component: Designator=U26(SOP127P600-8N)
Added Component: Designator=U27(SOP127P600-8N)
Added Component: Designator=U28(SOP127P600-8N)
Added Component: Designator=U29(SOP127P600-8N)
Added Component: Designator=U30(SOP127P600-8N)
Added Pin To Net: NetName=CLK0 Pin=J1-2
Added Pin To Net: NetName=CLK0 Pin=J2-2
Added Pin To Net: NetName=CLK0 Pin=U1-16
Added Net: Name=CLK0
Added Pin To Net: NetName=CLK11 Pin=U10-9
Added Pin To Net: NetName=CLK11 Pin=U11-16
Added Net: Name=CLK11
Added Pin To Net: NetName=CLK21 Pin=U20-9
Added Pin To Net: NetName=CLK21 Pin=U21-16
Added Net: Name=CLK21
Added Pin To Net: NetName=CLK31 Pin=J1-4
Added Pin To Net: NetName=CLK31 Pin=J2-4
Added Pin To Net: NetName=CLK31 Pin=U30-9
Added Net: Name=CLK31
Added Pin To Net: NetName=DAT0 Pin=J1-1
Added Pin To Net: NetName=DAT0 Pin=J2-1
Added Pin To Net: NetName=DAT0 Pin=U1-15
Added Net: Name=DAT0
Added Pin To Net: NetName=DAT11 Pin=U10-10
Added Pin To Net: NetName=DAT11 Pin=U11-15
Added Net: Name=DAT11
Added Pin To Net: NetName=DAT21 Pin=U20-10
Added Pin To Net: NetName=DAT21 Pin=U21-15
Added Net: Name=DAT21
Added Pin To Net: NetName=DAT31 Pin=J1-3
Added Pin To Net: NetName=DAT31 Pin=J2-3
Added Pin To Net: NetName=DAT31 Pin=U30-10
Added Net: Name=DAT31
Added Pin To Net: NetName=GND Pin=C1-2
Added Pin To Net: NetName=GND Pin=C2-1
Added Pin To Net: NetName=GND Pin=C3-2
Added Pin To Net: NetName=GND Pin=C4-1
Added Pin To Net: NetName=GND Pin=C5-2
Added Pin To Net: NetName=GND Pin=C6-1
Added Pin To Net: NetName=GND Pin=C7-2
Added Pin To Net: NetName=GND Pin=C8-1
Added Pin To Net: NetName=GND Pin=C9-2
Added Pin To Net: NetName=GND Pin=C10-1
Added Pin To Net: NetName=GND Pin=C11-2
Added Pin To Net: NetName=GND Pin=C12-1
Added Pin To Net: NetName=GND Pin=C13-2
Added Pin To Net: NetName=GND Pin=C14-1
Added Pin To Net: NetName=GND Pin=C15-2
Added Pin To Net: NetName=GND Pin=C16-1
Added Pin To Net: NetName=GND Pin=C17-2
Added Pin To Net: NetName=GND Pin=C18-1
Added Pin To Net: NetName=GND Pin=C19-2
Added Pin To Net: NetName=GND Pin=C20-1
Added Pin To Net: NetName=GND Pin=C21-2
Added Pin To Net: NetName=GND Pin=C22-1
Added Pin To Net: NetName=GND Pin=C23-2
Added Pin To Net: NetName=GND Pin=C24-1
Added Pin To Net: NetName=GND Pin=C25-2
Added Pin To Net: NetName=GND Pin=C26-1
Added Pin To Net: NetName=GND Pin=C27-2
Added Pin To Net: NetName=GND Pin=C28-1
Added Pin To Net: NetName=GND Pin=C29-2
Added Pin To Net: NetName=GND Pin=C30-1
Added Pin To Net: NetName=GND Pin=C31-2
Added Pin To Net: NetName=GND Pin=C32-1
Added Pin To Net: NetName=GND Pin=C33-2
Added Pin To Net: NetName=GND Pin=C34-1
Added Pin To Net: NetName=GND Pin=C35-2
Added Pin To Net: NetName=GND Pin=C36-1
Added Pin To Net: NetName=GND Pin=C37-2
Added Pin To Net: NetName=GND Pin=C38-1
Added Pin To Net: NetName=GND Pin=C39-2
Added Pin To Net: NetName=GND Pin=C40-1
Added Pin To Net: NetName=GND Pin=J1-7
Added Pin To Net: NetName=GND Pin=J1-8
Added Pin To Net: NetName=GND Pin=J2-7
Added Pin To Net: NetName=GND Pin=J2-8
Added Pin To Net: NetName=GND Pin=U1-5
Added Pin To Net: NetName=GND Pin=U1-13
Added Pin To Net: NetName=GND Pin=U2-5
Added Pin To Net: NetName=GND Pin=U2-13
Added Pin To Net: NetName=GND Pin=U3-5
Added Pin To Net: NetName=GND Pin=U3-13
Added Pin To Net: NetName=GND Pin=U4-5
Added Pin To Net: NetName=GND Pin=U4-13
Added Pin To Net: NetName=GND Pin=U5-5
Added Pin To Net: NetName=GND Pin=U5-13
Added Pin To Net: NetName=GND Pin=U6-5
Added Pin To Net: NetName=GND Pin=U6-13
Added Pin To Net: NetName=GND Pin=U7-5
Added Pin To Net: NetName=GND Pin=U7-13
Added Pin To Net: NetName=GND Pin=U8-5
Added Pin To Net: NetName=GND Pin=U8-13
Added Pin To Net: NetName=GND Pin=U9-5
Added Pin To Net: NetName=GND Pin=U9-13
Added Pin To Net: NetName=GND Pin=U10-5
Added Pin To Net: NetName=GND Pin=U10-13
Added Pin To Net: NetName=GND Pin=U11-5
Added Pin To Net: NetName=GND Pin=U11-13
Added Pin To Net: NetName=GND Pin=U12-5
Added Pin To Net: NetName=GND Pin=U12-13
Added Pin To Net: NetName=GND Pin=U13-5
Added Pin To Net: NetName=GND Pin=U13-13
Added Pin To Net: NetName=GND Pin=U14-5
Added Pin To Net: NetName=GND Pin=U14-13
Added Pin To Net: NetName=GND Pin=U15-5
Added Pin To Net: NetName=GND Pin=U15-13
Added Pin To Net: NetName=GND Pin=U16-5
Added Pin To Net: NetName=GND Pin=U16-13
Added Pin To Net: NetName=GND Pin=U17-5
Added Pin To Net: NetName=GND Pin=U17-13
Added Pin To Net: NetName=GND Pin=U18-5
Added Pin To Net: NetName=GND Pin=U18-13
Added Pin To Net: NetName=GND Pin=U19-5
Added Pin To Net: NetName=GND Pin=U19-13
Added Pin To Net: NetName=GND Pin=U20-5
Added Pin To Net: NetName=GND Pin=U20-13
Added Pin To Net: NetName=GND Pin=U21-5
Added Pin To Net: NetName=GND Pin=U21-13
Added Pin To Net: NetName=GND Pin=U22-5
Added Pin To Net: NetName=GND Pin=U22-13
Added Pin To Net: NetName=GND Pin=U23-5
Added Pin To Net: NetName=GND Pin=U23-13
Added Pin To Net: NetName=GND Pin=U24-5
Added Pin To Net: NetName=GND Pin=U24-13
Added Pin To Net: NetName=GND Pin=U25-5
Added Pin To Net: NetName=GND Pin=U25-13
Added Pin To Net: NetName=GND Pin=U26-5
Added Pin To Net: NetName=GND Pin=U26-13
Added Pin To Net: NetName=GND Pin=U27-5
Added Pin To Net: NetName=GND Pin=U27-13
Added Pin To Net: NetName=GND Pin=U28-5
Added Pin To Net: NetName=GND Pin=U28-13
Added Pin To Net: NetName=GND Pin=U29-5
Added Pin To Net: NetName=GND Pin=U29-13
Added Pin To Net: NetName=GND Pin=U30-5
Added Pin To Net: NetName=GND Pin=U30-13
Added Net: Name=GND
Added Pin To Net: NetName=NetD1_1 Pin=D1-1
Added Pin To Net: NetName=NetD1_1 Pin=U1-3
Added Net: Name=NetD1_1
Added Pin To Net: NetName=NetD1_2 Pin=D1-2
Added Pin To Net: NetName=NetD1_2 Pin=U1-2
Added Net: Name=NetD1_2
Added Pin To Net: NetName=NetD1_3 Pin=D1-3
Added Pin To Net: NetName=NetD1_3 Pin=U1-1
Added Net: Name=NetD1_3
Added Pin To Net: NetName=NetD2_1 Pin=D2-1
Added Pin To Net: NetName=NetD2_1 Pin=U1-8
Added Net: Name=NetD2_1
Added Pin To Net: NetName=NetD2_2 Pin=D2-2
Added Pin To Net: NetName=NetD2_2 Pin=U1-7
Added Net: Name=NetD2_2
Added Pin To Net: NetName=NetD2_3 Pin=D2-3
Added Pin To Net: NetName=NetD2_3 Pin=U1-6
Added Net: Name=NetD2_3
Added Pin To Net: NetName=NetD3_1 Pin=D3-1
Added Pin To Net: NetName=NetD3_1 Pin=U2-3
Added Net: Name=NetD3_1
Added Pin To Net: NetName=NetD3_2 Pin=D3-2
Added Pin To Net: NetName=NetD3_2 Pin=U2-2
Added Net: Name=NetD3_2
Added Pin To Net: NetName=NetD3_3 Pin=D3-3
Added Pin To Net: NetName=NetD3_3 Pin=U2-1
Added Net: Name=NetD3_3
Added Pin To Net: NetName=NetD4_1 Pin=D4-1
Added Pin To Net: NetName=NetD4_1 Pin=U2-8
Added Net: Name=NetD4_1
Added Pin To Net: NetName=NetD4_2 Pin=D4-2
Added Pin To Net: NetName=NetD4_2 Pin=U2-7
Added Net: Name=NetD4_2
Added Pin To Net: NetName=NetD4_3 Pin=D4-3
Added Pin To Net: NetName=NetD4_3 Pin=U2-6
Added Net: Name=NetD4_3
Added Pin To Net: NetName=NetD5_1 Pin=D5-1
Added Pin To Net: NetName=NetD5_1 Pin=U3-3
Added Net: Name=NetD5_1
Added Pin To Net: NetName=NetD5_2 Pin=D5-2
Added Pin To Net: NetName=NetD5_2 Pin=U3-2
Added Net: Name=NetD5_2
Added Pin To Net: NetName=NetD5_3 Pin=D5-3
Added Pin To Net: NetName=NetD5_3 Pin=U3-1
Added Net: Name=NetD5_3
Added Pin To Net: NetName=NetD6_1 Pin=D6-1
Added Pin To Net: NetName=NetD6_1 Pin=U3-8
Added Net: Name=NetD6_1
Added Pin To Net: NetName=NetD6_2 Pin=D6-2
Added Pin To Net: NetName=NetD6_2 Pin=U3-7
Added Net: Name=NetD6_2
Added Pin To Net: NetName=NetD6_3 Pin=D6-3
Added Pin To Net: NetName=NetD6_3 Pin=U3-6
Added Net: Name=NetD6_3
Added Pin To Net: NetName=NetD7_1 Pin=D7-1
Added Pin To Net: NetName=NetD7_1 Pin=U4-3
Added Net: Name=NetD7_1
Added Pin To Net: NetName=NetD7_2 Pin=D7-2
Added Pin To Net: NetName=NetD7_2 Pin=U4-2
Added Net: Name=NetD7_2
Added Pin To Net: NetName=NetD7_3 Pin=D7-3
Added Pin To Net: NetName=NetD7_3 Pin=U4-1
Added Net: Name=NetD7_3
Added Pin To Net: NetName=NetD8_1 Pin=D8-1
Added Pin To Net: NetName=NetD8_1 Pin=U4-8
Added Net: Name=NetD8_1
Added Pin To Net: NetName=NetD8_2 Pin=D8-2
Added Pin To Net: NetName=NetD8_2 Pin=U4-7
Added Net: Name=NetD8_2
Added Pin To Net: NetName=NetD8_3 Pin=D8-3
Added Pin To Net: NetName=NetD8_3 Pin=U4-6
Added Net: Name=NetD8_3
Added Pin To Net: NetName=NetD9_1 Pin=D9-1
Added Pin To Net: NetName=NetD9_1 Pin=U5-3
Added Net: Name=NetD9_1
Added Pin To Net: NetName=NetD9_2 Pin=D9-2
Added Pin To Net: NetName=NetD9_2 Pin=U5-2
Added Net: Name=NetD9_2
Added Pin To Net: NetName=NetD9_3 Pin=D9-3
Added Pin To Net: NetName=NetD9_3 Pin=U5-1
Added Net: Name=NetD9_3
Added Pin To Net: NetName=NetD10_1 Pin=D10-1
Added Pin To Net: NetName=NetD10_1 Pin=U5-8
Added Net: Name=NetD10_1
Added Pin To Net: NetName=NetD10_2 Pin=D10-2
Added Pin To Net: NetName=NetD10_2 Pin=U5-7
Added Net: Name=NetD10_2
Added Pin To Net: NetName=NetD10_3 Pin=D10-3
Added Pin To Net: NetName=NetD10_3 Pin=U5-6
Added Net: Name=NetD10_3
Added Pin To Net: NetName=NetD11_1 Pin=D11-1
Added Pin To Net: NetName=NetD11_1 Pin=U6-3
Added Net: Name=NetD11_1
Added Pin To Net: NetName=NetD11_2 Pin=D11-2
Added Pin To Net: NetName=NetD11_2 Pin=U6-2
Added Net: Name=NetD11_2
Added Pin To Net: NetName=NetD11_3 Pin=D11-3
Added Pin To Net: NetName=NetD11_3 Pin=U6-1
Added Net: Name=NetD11_3
Added Pin To Net: NetName=NetD12_1 Pin=D12-1
Added Pin To Net: NetName=NetD12_1 Pin=U6-8
Added Net: Name=NetD12_1
Added Pin To Net: NetName=NetD12_2 Pin=D12-2
Added Pin To Net: NetName=NetD12_2 Pin=U6-7
Added Net: Name=NetD12_2
Added Pin To Net: NetName=NetD12_3 Pin=D12-3
Added Pin To Net: NetName=NetD12_3 Pin=U6-6
Added Net: Name=NetD12_3
Added Pin To Net: NetName=NetD13_1 Pin=D13-1
Added Pin To Net: NetName=NetD13_1 Pin=U7-3
Added Net: Name=NetD13_1
Added Pin To Net: NetName=NetD13_2 Pin=D13-2
Added Pin To Net: NetName=NetD13_2 Pin=U7-2
Added Net: Name=NetD13_2
Added Pin To Net: NetName=NetD13_3 Pin=D13-3
Added Pin To Net: NetName=NetD13_3 Pin=U7-1
Added Net: Name=NetD13_3
Added Pin To Net: NetName=NetD14_1 Pin=D14-1
Added Pin To Net: NetName=NetD14_1 Pin=U7-8
Added Net: Name=NetD14_1
Added Pin To Net: NetName=NetD14_2 Pin=D14-2
Added Pin To Net: NetName=NetD14_2 Pin=U7-7
Added Net: Name=NetD14_2
Added Pin To Net: NetName=NetD14_3 Pin=D14-3
Added Pin To Net: NetName=NetD14_3 Pin=U7-6
Added Net: Name=NetD14_3
Added Pin To Net: NetName=NetD15_1 Pin=D15-1
Added Pin To Net: NetName=NetD15_1 Pin=U8-3
Added Net: Name=NetD15_1
Added Pin To Net: NetName=NetD15_2 Pin=D15-2
Added Pin To Net: NetName=NetD15_2 Pin=U8-2
Added Net: Name=NetD15_2
Added Pin To Net: NetName=NetD15_3 Pin=D15-3
Added Pin To Net: NetName=NetD15_3 Pin=U8-1
Added Net: Name=NetD15_3
Added Pin To Net: NetName=NetD16_1 Pin=D16-1
Added Pin To Net: NetName=NetD16_1 Pin=U8-8
Added Net: Name=NetD16_1
Added Pin To Net: NetName=NetD16_2 Pin=D16-2
Added Pin To Net: NetName=NetD16_2 Pin=U8-7
Added Net: Name=NetD16_2
Added Pin To Net: NetName=NetD16_3 Pin=D16-3
Added Pin To Net: NetName=NetD16_3 Pin=U8-6
Added Net: Name=NetD16_3
Added Pin To Net: NetName=NetD17_1 Pin=D17-1
Added Pin To Net: NetName=NetD17_1 Pin=U9-3
Added Net: Name=NetD17_1
Added Pin To Net: NetName=NetD17_2 Pin=D17-2
Added Pin To Net: NetName=NetD17_2 Pin=U9-2
Added Net: Name=NetD17_2
Added Pin To Net: NetName=NetD17_3 Pin=D17-3
Added Pin To Net: NetName=NetD17_3 Pin=U9-1
Added Net: Name=NetD17_3
Added Pin To Net: NetName=NetD18_1 Pin=D18-1
Added Pin To Net: NetName=NetD18_1 Pin=U9-8
Added Net: Name=NetD18_1
Added Pin To Net: NetName=NetD18_2 Pin=D18-2
Added Pin To Net: NetName=NetD18_2 Pin=U9-7
Added Net: Name=NetD18_2
Added Pin To Net: NetName=NetD18_3 Pin=D18-3
Added Pin To Net: NetName=NetD18_3 Pin=U9-6
Added Net: Name=NetD18_3
Added Pin To Net: NetName=NetD19_1 Pin=D19-1
Added Pin To Net: NetName=NetD19_1 Pin=U10-3
Added Net: Name=NetD19_1
Added Pin To Net: NetName=NetD19_2 Pin=D19-2
Added Pin To Net: NetName=NetD19_2 Pin=U10-2
Added Net: Name=NetD19_2
Added Pin To Net: NetName=NetD19_3 Pin=D19-3
Added Pin To Net: NetName=NetD19_3 Pin=U10-1
Added Net: Name=NetD19_3
Added Pin To Net: NetName=NetD20_1 Pin=D20-1
Added Pin To Net: NetName=NetD20_1 Pin=U10-8
Added Net: Name=NetD20_1
Added Pin To Net: NetName=NetD20_2 Pin=D20-2
Added Pin To Net: NetName=NetD20_2 Pin=U10-7
Added Net: Name=NetD20_2
Added Pin To Net: NetName=NetD20_3 Pin=D20-3
Added Pin To Net: NetName=NetD20_3 Pin=U10-6
Added Net: Name=NetD20_3
Added Pin To Net: NetName=NetD21_1 Pin=D21-1
Added Pin To Net: NetName=NetD21_1 Pin=U11-3
Added Net: Name=NetD21_1
Added Pin To Net: NetName=NetD21_2 Pin=D21-2
Added Pin To Net: NetName=NetD21_2 Pin=U11-2
Added Net: Name=NetD21_2
Added Pin To Net: NetName=NetD21_3 Pin=D21-3
Added Pin To Net: NetName=NetD21_3 Pin=U11-1
Added Net: Name=NetD21_3
Added Pin To Net: NetName=NetD22_1 Pin=D22-1
Added Pin To Net: NetName=NetD22_1 Pin=U11-8
Added Net: Name=NetD22_1
Added Pin To Net: NetName=NetD22_2 Pin=D22-2
Added Pin To Net: NetName=NetD22_2 Pin=U11-7
Added Net: Name=NetD22_2
Added Pin To Net: NetName=NetD22_3 Pin=D22-3
Added Pin To Net: NetName=NetD22_3 Pin=U11-6
Added Net: Name=NetD22_3
Added Pin To Net: NetName=NetD23_1 Pin=D23-1
Added Pin To Net: NetName=NetD23_1 Pin=U12-3
Added Net: Name=NetD23_1
Added Pin To Net: NetName=NetD23_2 Pin=D23-2
Added Pin To Net: NetName=NetD23_2 Pin=U12-2
Added Net: Name=NetD23_2
Added Pin To Net: NetName=NetD23_3 Pin=D23-3
Added Pin To Net: NetName=NetD23_3 Pin=U12-1
Added Net: Name=NetD23_3
Added Pin To Net: NetName=NetD24_1 Pin=D24-1
Added Pin To Net: NetName=NetD24_1 Pin=U12-8
Added Net: Name=NetD24_1
Added Pin To Net: NetName=NetD24_2 Pin=D24-2
Added Pin To Net: NetName=NetD24_2 Pin=U12-7
Added Net: Name=NetD24_2
Added Pin To Net: NetName=NetD24_3 Pin=D24-3
Added Pin To Net: NetName=NetD24_3 Pin=U12-6
Added Net: Name=NetD24_3
Added Pin To Net: NetName=NetD25_1 Pin=D25-1
Added Pin To Net: NetName=NetD25_1 Pin=U13-3
Added Net: Name=NetD25_1
Added Pin To Net: NetName=NetD25_2 Pin=D25-2
Added Pin To Net: NetName=NetD25_2 Pin=U13-2
Added Net: Name=NetD25_2
Added Pin To Net: NetName=NetD25_3 Pin=D25-3
Added Pin To Net: NetName=NetD25_3 Pin=U13-1
Added Net: Name=NetD25_3
Added Pin To Net: NetName=NetD26_1 Pin=D26-1
Added Pin To Net: NetName=NetD26_1 Pin=U13-8
Added Net: Name=NetD26_1
Added Pin To Net: NetName=NetD26_2 Pin=D26-2
Added Pin To Net: NetName=NetD26_2 Pin=U13-7
Added Net: Name=NetD26_2
Added Pin To Net: NetName=NetD26_3 Pin=D26-3
Added Pin To Net: NetName=NetD26_3 Pin=U13-6
Added Net: Name=NetD26_3
Added Pin To Net: NetName=NetD27_1 Pin=D27-1
Added Pin To Net: NetName=NetD27_1 Pin=U14-3
Added Net: Name=NetD27_1
Added Pin To Net: NetName=NetD27_2 Pin=D27-2
Added Pin To Net: NetName=NetD27_2 Pin=U14-2
Added Net: Name=NetD27_2
Added Pin To Net: NetName=NetD27_3 Pin=D27-3
Added Pin To Net: NetName=NetD27_3 Pin=U14-1
Added Net: Name=NetD27_3
Added Pin To Net: NetName=NetD28_1 Pin=D28-1
Added Pin To Net: NetName=NetD28_1 Pin=U14-8
Added Net: Name=NetD28_1
Added Pin To Net: NetName=NetD28_2 Pin=D28-2
Added Pin To Net: NetName=NetD28_2 Pin=U14-7
Added Net: Name=NetD28_2
Added Pin To Net: NetName=NetD28_3 Pin=D28-3
Added Pin To Net: NetName=NetD28_3 Pin=U14-6
Added Net: Name=NetD28_3
Added Pin To Net: NetName=NetD29_1 Pin=D29-1
Added Pin To Net: NetName=NetD29_1 Pin=U15-3
Added Net: Name=NetD29_1
Added Pin To Net: NetName=NetD29_2 Pin=D29-2
Added Pin To Net: NetName=NetD29_2 Pin=U15-2
Added Net: Name=NetD29_2
Added Pin To Net: NetName=NetD29_3 Pin=D29-3
Added Pin To Net: NetName=NetD29_3 Pin=U15-1
Added Net: Name=NetD29_3
Added Pin To Net: NetName=NetD30_1 Pin=D30-1
Added Pin To Net: NetName=NetD30_1 Pin=U15-8
Added Net: Name=NetD30_1
Added Pin To Net: NetName=NetD30_2 Pin=D30-2
Added Pin To Net: NetName=NetD30_2 Pin=U15-7
Added Net: Name=NetD30_2
Added Pin To Net: NetName=NetD30_3 Pin=D30-3
Added Pin To Net: NetName=NetD30_3 Pin=U15-6
Added Net: Name=NetD30_3
Added Pin To Net: NetName=NetD31_1 Pin=D31-1
Added Pin To Net: NetName=NetD31_1 Pin=U16-3
Added Net: Name=NetD31_1
Added Pin To Net: NetName=NetD31_2 Pin=D31-2
Added Pin To Net: NetName=NetD31_2 Pin=U16-2
Added Net: Name=NetD31_2
Added Pin To Net: NetName=NetD31_3 Pin=D31-3
Added Pin To Net: NetName=NetD31_3 Pin=U16-1
Added Net: Name=NetD31_3
Added Pin To Net: NetName=NetD32_1 Pin=D32-1
Added Pin To Net: NetName=NetD32_1 Pin=U16-8
Added Net: Name=NetD32_1
Added Pin To Net: NetName=NetD32_2 Pin=D32-2
Added Pin To Net: NetName=NetD32_2 Pin=U16-7
Added Net: Name=NetD32_2
Added Pin To Net: NetName=NetD32_3 Pin=D32-3
Added Pin To Net: NetName=NetD32_3 Pin=U16-6
Added Net: Name=NetD32_3
Added Pin To Net: NetName=NetD33_1 Pin=D33-1
Added Pin To Net: NetName=NetD33_1 Pin=U17-3
Added Net: Name=NetD33_1
Added Pin To Net: NetName=NetD33_2 Pin=D33-2
Added Pin To Net: NetName=NetD33_2 Pin=U17-2
Added Net: Name=NetD33_2
Added Pin To Net: NetName=NetD33_3 Pin=D33-3
Added Pin To Net: NetName=NetD33_3 Pin=U17-1
Added Net: Name=NetD33_3
Added Pin To Net: NetName=NetD34_1 Pin=D34-1
Added Pin To Net: NetName=NetD34_1 Pin=U17-8
Added Net: Name=NetD34_1
Added Pin To Net: NetName=NetD34_2 Pin=D34-2
Added Pin To Net: NetName=NetD34_2 Pin=U17-7
Added Net: Name=NetD34_2
Added Pin To Net: NetName=NetD34_3 Pin=D34-3
Added Pin To Net: NetName=NetD34_3 Pin=U17-6
Added Net: Name=NetD34_3
Added Pin To Net: NetName=NetD35_1 Pin=D35-1
Added Pin To Net: NetName=NetD35_1 Pin=U18-3
Added Net: Name=NetD35_1
Added Pin To Net: NetName=NetD35_2 Pin=D35-2
Added Pin To Net: NetName=NetD35_2 Pin=U18-2
Added Net: Name=NetD35_2
Added Pin To Net: NetName=NetD35_3 Pin=D35-3
Added Pin To Net: NetName=NetD35_3 Pin=U18-1
Added Net: Name=NetD35_3
Added Pin To Net: NetName=NetD36_1 Pin=D36-1
Added Pin To Net: NetName=NetD36_1 Pin=U18-8
Added Net: Name=NetD36_1
Added Pin To Net: NetName=NetD36_2 Pin=D36-2
Added Pin To Net: NetName=NetD36_2 Pin=U18-7
Added Net: Name=NetD36_2
Added Pin To Net: NetName=NetD36_3 Pin=D36-3
Added Pin To Net: NetName=NetD36_3 Pin=U18-6
Added Net: Name=NetD36_3
Added Pin To Net: NetName=NetD37_1 Pin=D37-1
Added Pin To Net: NetName=NetD37_1 Pin=U19-3
Added Net: Name=NetD37_1
Added Pin To Net: NetName=NetD37_2 Pin=D37-2
Added Pin To Net: NetName=NetD37_2 Pin=U19-2
Added Net: Name=NetD37_2
Added Pin To Net: NetName=NetD37_3 Pin=D37-3
Added Pin To Net: NetName=NetD37_3 Pin=U19-1
Added Net: Name=NetD37_3
Added Pin To Net: NetName=NetD38_1 Pin=D38-1
Added Pin To Net: NetName=NetD38_1 Pin=U19-8
Added Net: Name=NetD38_1
Added Pin To Net: NetName=NetD38_2 Pin=D38-2
Added Pin To Net: NetName=NetD38_2 Pin=U19-7
Added Net: Name=NetD38_2
Added Pin To Net: NetName=NetD38_3 Pin=D38-3
Added Pin To Net: NetName=NetD38_3 Pin=U19-6
Added Net: Name=NetD38_3
Added Pin To Net: NetName=NetD39_1 Pin=D39-1
Added Pin To Net: NetName=NetD39_1 Pin=U20-3
Added Net: Name=NetD39_1
Added Pin To Net: NetName=NetD39_2 Pin=D39-2
Added Pin To Net: NetName=NetD39_2 Pin=U20-2
Added Net: Name=NetD39_2
Added Pin To Net: NetName=NetD39_3 Pin=D39-3
Added Pin To Net: NetName=NetD39_3 Pin=U20-1
Added Net: Name=NetD39_3
Added Pin To Net: NetName=NetD40_1 Pin=D40-1
Added Pin To Net: NetName=NetD40_1 Pin=U20-8
Added Net: Name=NetD40_1
Added Pin To Net: NetName=NetD40_2 Pin=D40-2
Added Pin To Net: NetName=NetD40_2 Pin=U20-7
Added Net: Name=NetD40_2
Added Pin To Net: NetName=NetD40_3 Pin=D40-3
Added Pin To Net: NetName=NetD40_3 Pin=U20-6
Added Net: Name=NetD40_3
Added Pin To Net: NetName=NetD41_1 Pin=D41-1
Added Pin To Net: NetName=NetD41_1 Pin=U21-3
Added Net: Name=NetD41_1
Added Pin To Net: NetName=NetD41_2 Pin=D41-2
Added Pin To Net: NetName=NetD41_2 Pin=U21-2
Added Net: Name=NetD41_2
Added Pin To Net: NetName=NetD41_3 Pin=D41-3
Added Pin To Net: NetName=NetD41_3 Pin=U21-1
Added Net: Name=NetD41_3
Added Pin To Net: NetName=NetD42_1 Pin=D42-1
Added Pin To Net: NetName=NetD42_1 Pin=U21-8
Added Net: Name=NetD42_1
Added Pin To Net: NetName=NetD42_2 Pin=D42-2
Added Pin To Net: NetName=NetD42_2 Pin=U21-7
Added Net: Name=NetD42_2
Added Pin To Net: NetName=NetD42_3 Pin=D42-3
Added Pin To Net: NetName=NetD42_3 Pin=U21-6
Added Net: Name=NetD42_3
Added Pin To Net: NetName=NetD43_1 Pin=D43-1
Added Pin To Net: NetName=NetD43_1 Pin=U22-3
Added Net: Name=NetD43_1
Added Pin To Net: NetName=NetD43_2 Pin=D43-2
Added Pin To Net: NetName=NetD43_2 Pin=U22-2
Added Net: Name=NetD43_2
Added Pin To Net: NetName=NetD43_3 Pin=D43-3
Added Pin To Net: NetName=NetD43_3 Pin=U22-1
Added Net: Name=NetD43_3
Added Pin To Net: NetName=NetD44_1 Pin=D44-1
Added Pin To Net: NetName=NetD44_1 Pin=U22-8
Added Net: Name=NetD44_1
Added Pin To Net: NetName=NetD44_2 Pin=D44-2
Added Pin To Net: NetName=NetD44_2 Pin=U22-7
Added Net: Name=NetD44_2
Added Pin To Net: NetName=NetD44_3 Pin=D44-3
Added Pin To Net: NetName=NetD44_3 Pin=U22-6
Added Net: Name=NetD44_3
Added Pin To Net: NetName=NetD45_1 Pin=D45-1
Added Pin To Net: NetName=NetD45_1 Pin=U23-3
Added Net: Name=NetD45_1
Added Pin To Net: NetName=NetD45_2 Pin=D45-2
Added Pin To Net: NetName=NetD45_2 Pin=U23-2
Added Net: Name=NetD45_2
Added Pin To Net: NetName=NetD45_3 Pin=D45-3
Added Pin To Net: NetName=NetD45_3 Pin=U23-1
Added Net: Name=NetD45_3
Added Pin To Net: NetName=NetD46_1 Pin=D46-1
Added Pin To Net: NetName=NetD46_1 Pin=U23-8
Added Net: Name=NetD46_1
Added Pin To Net: NetName=NetD46_2 Pin=D46-2
Added Pin To Net: NetName=NetD46_2 Pin=U23-7
Added Net: Name=NetD46_2
Added Pin To Net: NetName=NetD46_3 Pin=D46-3
Added Pin To Net: NetName=NetD46_3 Pin=U23-6
Added Net: Name=NetD46_3
Added Pin To Net: NetName=NetD47_1 Pin=D47-1
Added Pin To Net: NetName=NetD47_1 Pin=U24-3
Added Net: Name=NetD47_1
Added Pin To Net: NetName=NetD47_2 Pin=D47-2
Added Pin To Net: NetName=NetD47_2 Pin=U24-2
Added Net: Name=NetD47_2
Added Pin To Net: NetName=NetD47_3 Pin=D47-3
Added Pin To Net: NetName=NetD47_3 Pin=U24-1
Added Net: Name=NetD47_3
Added Pin To Net: NetName=NetD48_1 Pin=D48-1
Added Pin To Net: NetName=NetD48_1 Pin=U24-8
Added Net: Name=NetD48_1
Added Pin To Net: NetName=NetD48_2 Pin=D48-2
Added Pin To Net: NetName=NetD48_2 Pin=U24-7
Added Net: Name=NetD48_2
Added Pin To Net: NetName=NetD48_3 Pin=D48-3
Added Pin To Net: NetName=NetD48_3 Pin=U24-6
Added Net: Name=NetD48_3
Added Pin To Net: NetName=NetD49_1 Pin=D49-1
Added Pin To Net: NetName=NetD49_1 Pin=U25-3
Added Net: Name=NetD49_1
Added Pin To Net: NetName=NetD49_2 Pin=D49-2
Added Pin To Net: NetName=NetD49_2 Pin=U25-2
Added Net: Name=NetD49_2
Added Pin To Net: NetName=NetD49_3 Pin=D49-3
Added Pin To Net: NetName=NetD49_3 Pin=U25-1
Added Net: Name=NetD49_3
Added Pin To Net: NetName=NetD50_1 Pin=D50-1
Added Pin To Net: NetName=NetD50_1 Pin=U25-8
Added Net: Name=NetD50_1
Added Pin To Net: NetName=NetD50_2 Pin=D50-2
Added Pin To Net: NetName=NetD50_2 Pin=U25-7
Added Net: Name=NetD50_2
Added Pin To Net: NetName=NetD50_3 Pin=D50-3
Added Pin To Net: NetName=NetD50_3 Pin=U25-6
Added Net: Name=NetD50_3
Added Pin To Net: NetName=NetD51_1 Pin=D51-1
Added Pin To Net: NetName=NetD51_1 Pin=U26-3
Added Net: Name=NetD51_1
Added Pin To Net: NetName=NetD51_2 Pin=D51-2
Added Pin To Net: NetName=NetD51_2 Pin=U26-2
Added Net: Name=NetD51_2
Added Pin To Net: NetName=NetD51_3 Pin=D51-3
Added Pin To Net: NetName=NetD51_3 Pin=U26-1
Added Net: Name=NetD51_3
Added Pin To Net: NetName=NetD52_1 Pin=D52-1
Added Pin To Net: NetName=NetD52_1 Pin=U26-8
Added Net: Name=NetD52_1
Added Pin To Net: NetName=NetD52_2 Pin=D52-2
Added Pin To Net: NetName=NetD52_2 Pin=U26-7
Added Net: Name=NetD52_2
Added Pin To Net: NetName=NetD52_3 Pin=D52-3
Added Pin To Net: NetName=NetD52_3 Pin=U26-6
Added Net: Name=NetD52_3
Added Pin To Net: NetName=NetD53_1 Pin=D53-1
Added Pin To Net: NetName=NetD53_1 Pin=U27-3
Added Net: Name=NetD53_1
Added Pin To Net: NetName=NetD53_2 Pin=D53-2
Added Pin To Net: NetName=NetD53_2 Pin=U27-2
Added Net: Name=NetD53_2
Added Pin To Net: NetName=NetD53_3 Pin=D53-3
Added Pin To Net: NetName=NetD53_3 Pin=U27-1
Added Net: Name=NetD53_3
Added Pin To Net: NetName=NetD54_1 Pin=D54-1
Added Pin To Net: NetName=NetD54_1 Pin=U27-8
Added Net: Name=NetD54_1
Added Pin To Net: NetName=NetD54_2 Pin=D54-2
Added Pin To Net: NetName=NetD54_2 Pin=U27-7
Added Net: Name=NetD54_2
Added Pin To Net: NetName=NetD54_3 Pin=D54-3
Added Pin To Net: NetName=NetD54_3 Pin=U27-6
Added Net: Name=NetD54_3
Added Pin To Net: NetName=NetD55_1 Pin=D55-1
Added Pin To Net: NetName=NetD55_1 Pin=U28-3
Added Net: Name=NetD55_1
Added Pin To Net: NetName=NetD55_2 Pin=D55-2
Added Pin To Net: NetName=NetD55_2 Pin=U28-2
Added Net: Name=NetD55_2
Added Pin To Net: NetName=NetD55_3 Pin=D55-3
Added Pin To Net: NetName=NetD55_3 Pin=U28-1
Added Net: Name=NetD55_3
Added Pin To Net: NetName=NetD56_1 Pin=D56-1
Added Pin To Net: NetName=NetD56_1 Pin=U28-8
Added Net: Name=NetD56_1
Added Pin To Net: NetName=NetD56_2 Pin=D56-2
Added Pin To Net: NetName=NetD56_2 Pin=U28-7
Added Net: Name=NetD56_2
Added Pin To Net: NetName=NetD56_3 Pin=D56-3
Added Pin To Net: NetName=NetD56_3 Pin=U28-6
Added Net: Name=NetD56_3
Added Pin To Net: NetName=NetD57_1 Pin=D57-1
Added Pin To Net: NetName=NetD57_1 Pin=U29-3
Added Net: Name=NetD57_1
Added Pin To Net: NetName=NetD57_2 Pin=D57-2
Added Pin To Net: NetName=NetD57_2 Pin=U29-2
Added Net: Name=NetD57_2
Added Pin To Net: NetName=NetD57_3 Pin=D57-3
Added Pin To Net: NetName=NetD57_3 Pin=U29-1
Added Net: Name=NetD57_3
Added Pin To Net: NetName=NetD58_1 Pin=D58-1
Added Pin To Net: NetName=NetD58_1 Pin=U29-8
Added Net: Name=NetD58_1
Added Pin To Net: NetName=NetD58_2 Pin=D58-2
Added Pin To Net: NetName=NetD58_2 Pin=U29-7
Added Net: Name=NetD58_2
Added Pin To Net: NetName=NetD58_3 Pin=D58-3
Added Pin To Net: NetName=NetD58_3 Pin=U29-6
Added Net: Name=NetD58_3
Added Pin To Net: NetName=NetD59_1 Pin=D59-1
Added Pin To Net: NetName=NetD59_1 Pin=U30-3
Added Net: Name=NetD59_1
Added Pin To Net: NetName=NetD59_2 Pin=D59-2
Added Pin To Net: NetName=NetD59_2 Pin=U30-2
Added Net: Name=NetD59_2
Added Pin To Net: NetName=NetD59_3 Pin=D59-3
Added Pin To Net: NetName=NetD59_3 Pin=U30-1
Added Net: Name=NetD59_3
Added Pin To Net: NetName=NetD60_1 Pin=D60-1
Added Pin To Net: NetName=NetD60_1 Pin=U30-8
Added Net: Name=NetD60_1
Added Pin To Net: NetName=NetD60_2 Pin=D60-2
Added Pin To Net: NetName=NetD60_2 Pin=U30-7
Added Net: Name=NetD60_2
Added Pin To Net: NetName=NetD60_3 Pin=D60-3
Added Pin To Net: NetName=NetD60_3 Pin=U30-6
Added Net: Name=NetD60_3
Added Pin To Net: NetName=NetU1_9 Pin=U1-9
Added Pin To Net: NetName=NetU1_9 Pin=U2-16
Added Net: Name=NetU1_9
Added Pin To Net: NetName=NetU1_10 Pin=U1-10
Added Pin To Net: NetName=NetU1_10 Pin=U2-15
Added Net: Name=NetU1_10
Added Pin To Net: NetName=NetU2_9 Pin=U2-9
Added Pin To Net: NetName=NetU2_9 Pin=U3-16
Added Net: Name=NetU2_9
Added Pin To Net: NetName=NetU2_10 Pin=U2-10
Added Pin To Net: NetName=NetU2_10 Pin=U3-15
Added Net: Name=NetU2_10
Added Pin To Net: NetName=NetU3_9 Pin=U3-9
Added Pin To Net: NetName=NetU3_9 Pin=U4-16
Added Net: Name=NetU3_9
Added Pin To Net: NetName=NetU3_10 Pin=U3-10
Added Pin To Net: NetName=NetU3_10 Pin=U4-15
Added Net: Name=NetU3_10
Added Pin To Net: NetName=NetU4_9 Pin=U4-9
Added Pin To Net: NetName=NetU4_9 Pin=U5-16
Added Net: Name=NetU4_9
Added Pin To Net: NetName=NetU4_10 Pin=U4-10
Added Pin To Net: NetName=NetU4_10 Pin=U5-15
Added Net: Name=NetU4_10
Added Pin To Net: NetName=NetU5_9 Pin=U5-9
Added Pin To Net: NetName=NetU5_9 Pin=U6-16
Added Net: Name=NetU5_9
Added Pin To Net: NetName=NetU5_10 Pin=U5-10
Added Pin To Net: NetName=NetU5_10 Pin=U6-15
Added Net: Name=NetU5_10
Added Pin To Net: NetName=NetU6_9 Pin=U6-9
Added Pin To Net: NetName=NetU6_9 Pin=U7-16
Added Net: Name=NetU6_9
Added Pin To Net: NetName=NetU6_10 Pin=U6-10
Added Pin To Net: NetName=NetU6_10 Pin=U7-15
Added Net: Name=NetU6_10
Added Pin To Net: NetName=NetU7_9 Pin=U7-9
Added Pin To Net: NetName=NetU7_9 Pin=U8-16
Added Net: Name=NetU7_9
Added Pin To Net: NetName=NetU7_10 Pin=U7-10
Added Pin To Net: NetName=NetU7_10 Pin=U8-15
Added Net: Name=NetU7_10
Added Pin To Net: NetName=NetU8_9 Pin=U8-9
Added Pin To Net: NetName=NetU8_9 Pin=U9-16
Added Net: Name=NetU8_9
Added Pin To Net: NetName=NetU8_10 Pin=U8-10
Added Pin To Net: NetName=NetU8_10 Pin=U9-15
Added Net: Name=NetU8_10
Added Pin To Net: NetName=NetU9_9 Pin=U9-9
Added Pin To Net: NetName=NetU9_9 Pin=U10-16
Added Net: Name=NetU9_9
Added Pin To Net: NetName=NetU9_10 Pin=U9-10
Added Pin To Net: NetName=NetU9_10 Pin=U10-15
Added Net: Name=NetU9_10
Added Pin To Net: NetName=NetU11_9 Pin=U11-9
Added Pin To Net: NetName=NetU11_9 Pin=U12-16
Added Net: Name=NetU11_9
Added Pin To Net: NetName=NetU11_10 Pin=U11-10
Added Pin To Net: NetName=NetU11_10 Pin=U12-15
Added Net: Name=NetU11_10
Added Pin To Net: NetName=NetU12_9 Pin=U12-9
Added Pin To Net: NetName=NetU12_9 Pin=U13-16
Added Net: Name=NetU12_9
Added Pin To Net: NetName=NetU12_10 Pin=U12-10
Added Pin To Net: NetName=NetU12_10 Pin=U13-15
Added Net: Name=NetU12_10
Added Pin To Net: NetName=NetU13_9 Pin=U13-9
Added Pin To Net: NetName=NetU13_9 Pin=U14-16
Added Net: Name=NetU13_9
Added Pin To Net: NetName=NetU13_10 Pin=U13-10
Added Pin To Net: NetName=NetU13_10 Pin=U14-15
Added Net: Name=NetU13_10
Added Pin To Net: NetName=NetU14_9 Pin=U14-9
Added Pin To Net: NetName=NetU14_9 Pin=U15-16
Added Net: Name=NetU14_9
Added Pin To Net: NetName=NetU14_10 Pin=U14-10
Added Pin To Net: NetName=NetU14_10 Pin=U15-15
Added Net: Name=NetU14_10
Added Pin To Net: NetName=NetU15_9 Pin=U15-9
Added Pin To Net: NetName=NetU15_9 Pin=U16-16
Added Net: Name=NetU15_9
Added Pin To Net: NetName=NetU15_10 Pin=U15-10
Added Pin To Net: NetName=NetU15_10 Pin=U16-15
Added Net: Name=NetU15_10
Added Pin To Net: NetName=NetU16_9 Pin=U16-9
Added Pin To Net: NetName=NetU16_9 Pin=U17-16
Added Net: Name=NetU16_9
Added Pin To Net: NetName=NetU16_10 Pin=U16-10
Added Pin To Net: NetName=NetU16_10 Pin=U17-15
Added Net: Name=NetU16_10
Added Pin To Net: NetName=NetU17_9 Pin=U17-9
Added Pin To Net: NetName=NetU17_9 Pin=U18-16
Added Net: Name=NetU17_9
Added Pin To Net: NetName=NetU17_10 Pin=U17-10
Added Pin To Net: NetName=NetU17_10 Pin=U18-15
Added Net: Name=NetU17_10
Added Pin To Net: NetName=NetU18_9 Pin=U18-9
Added Pin To Net: NetName=NetU18_9 Pin=U19-16
Added Net: Name=NetU18_9
Added Pin To Net: NetName=NetU18_10 Pin=U18-10
Added Pin To Net: NetName=NetU18_10 Pin=U19-15
Added Net: Name=NetU18_10
Added Pin To Net: NetName=NetU19_9 Pin=U19-9
Added Pin To Net: NetName=NetU19_9 Pin=U20-16
Added Net: Name=NetU19_9
Added Pin To Net: NetName=NetU19_10 Pin=U19-10
Added Pin To Net: NetName=NetU19_10 Pin=U20-15
Added Net: Name=NetU19_10
Added Pin To Net: NetName=NetU21_9 Pin=U21-9
Added Pin To Net: NetName=NetU21_9 Pin=U22-16
Added Net: Name=NetU21_9
Added Pin To Net: NetName=NetU21_10 Pin=U21-10
Added Pin To Net: NetName=NetU21_10 Pin=U22-15
Added Net: Name=NetU21_10
Added Pin To Net: NetName=NetU22_9 Pin=U22-9
Added Pin To Net: NetName=NetU22_9 Pin=U23-16
Added Net: Name=NetU22_9
Added Pin To Net: NetName=NetU22_10 Pin=U22-10
Added Pin To Net: NetName=NetU22_10 Pin=U23-15
Added Net: Name=NetU22_10
Added Pin To Net: NetName=NetU23_9 Pin=U23-9
Added Pin To Net: NetName=NetU23_9 Pin=U24-16
Added Net: Name=NetU23_9
Added Pin To Net: NetName=NetU23_10 Pin=U23-10
Added Pin To Net: NetName=NetU23_10 Pin=U24-15
Added Net: Name=NetU23_10
Added Pin To Net: NetName=NetU24_9 Pin=U24-9
Added Pin To Net: NetName=NetU24_9 Pin=U25-16
Added Net: Name=NetU24_9
Added Pin To Net: NetName=NetU24_10 Pin=U24-10
Added Pin To Net: NetName=NetU24_10 Pin=U25-15
Added Net: Name=NetU24_10
Added Pin To Net: NetName=NetU25_9 Pin=U25-9
Added Pin To Net: NetName=NetU25_9 Pin=U26-16
Added Net: Name=NetU25_9
Added Pin To Net: NetName=NetU25_10 Pin=U25-10
Added Pin To Net: NetName=NetU25_10 Pin=U26-15
Added Net: Name=NetU25_10
Added Pin To Net: NetName=NetU26_9 Pin=U26-9
Added Pin To Net: NetName=NetU26_9 Pin=U27-16
Added Net: Name=NetU26_9
Added Pin To Net: NetName=NetU26_10 Pin=U26-10
Added Pin To Net: NetName=NetU26_10 Pin=U27-15
Added Net: Name=NetU26_10
Added Pin To Net: NetName=NetU27_9 Pin=U27-9
Added Pin To Net: NetName=NetU27_9 Pin=U28-16
Added Net: Name=NetU27_9
Added Pin To Net: NetName=NetU27_10 Pin=U27-10
Added Pin To Net: NetName=NetU27_10 Pin=U28-15
Added Net: Name=NetU27_10
Added Pin To Net: NetName=NetU28_9 Pin=U28-9
Added Pin To Net: NetName=NetU28_9 Pin=U29-16
Added Net: Name=NetU28_9
Added Pin To Net: NetName=NetU28_10 Pin=U28-10
Added Pin To Net: NetName=NetU28_10 Pin=U29-15
Added Net: Name=NetU28_10
Added Pin To Net: NetName=NetU29_9 Pin=U29-9
Added Pin To Net: NetName=NetU29_9 Pin=U30-16
Added Net: Name=NetU29_9
Added Pin To Net: NetName=NetU29_10 Pin=U29-10
Added Pin To Net: NetName=NetU29_10 Pin=U30-15
Added Net: Name=NetU29_10
Added Pin To Net: NetName=VCCBAT Pin=D1-4
Added Pin To Net: NetName=VCCBAT Pin=D1-5
Added Pin To Net: NetName=VCCBAT Pin=D1-6
Added Pin To Net: NetName=VCCBAT Pin=D2-4
Added Pin To Net: NetName=VCCBAT Pin=D2-5
Added Pin To Net: NetName=VCCBAT Pin=D2-6
Added Pin To Net: NetName=VCCBAT Pin=D3-4
Added Pin To Net: NetName=VCCBAT Pin=D3-5
Added Pin To Net: NetName=VCCBAT Pin=D3-6
Added Pin To Net: NetName=VCCBAT Pin=D4-4
Added Pin To Net: NetName=VCCBAT Pin=D4-5
Added Pin To Net: NetName=VCCBAT Pin=D4-6
Added Pin To Net: NetName=VCCBAT Pin=D5-4
Added Pin To Net: NetName=VCCBAT Pin=D5-5
Added Pin To Net: NetName=VCCBAT Pin=D5-6
Added Pin To Net: NetName=VCCBAT Pin=D6-4
Added Pin To Net: NetName=VCCBAT Pin=D6-5
Added Pin To Net: NetName=VCCBAT Pin=D6-6
Added Pin To Net: NetName=VCCBAT Pin=D7-4
Added Pin To Net: NetName=VCCBAT Pin=D7-5
Added Pin To Net: NetName=VCCBAT Pin=D7-6
Added Pin To Net: NetName=VCCBAT Pin=D8-4
Added Pin To Net: NetName=VCCBAT Pin=D8-5
Added Pin To Net: NetName=VCCBAT Pin=D8-6
Added Pin To Net: NetName=VCCBAT Pin=D9-4
Added Pin To Net: NetName=VCCBAT Pin=D9-5
Added Pin To Net: NetName=VCCBAT Pin=D9-6
Added Pin To Net: NetName=VCCBAT Pin=D10-4
Added Pin To Net: NetName=VCCBAT Pin=D10-5
Added Pin To Net: NetName=VCCBAT Pin=D10-6
Added Pin To Net: NetName=VCCBAT Pin=D11-4
Added Pin To Net: NetName=VCCBAT Pin=D11-5
Added Pin To Net: NetName=VCCBAT Pin=D11-6
Added Pin To Net: NetName=VCCBAT Pin=D12-4
Added Pin To Net: NetName=VCCBAT Pin=D12-5
Added Pin To Net: NetName=VCCBAT Pin=D12-6
Added Pin To Net: NetName=VCCBAT Pin=D13-4
Added Pin To Net: NetName=VCCBAT Pin=D13-5
Added Pin To Net: NetName=VCCBAT Pin=D13-6
Added Pin To Net: NetName=VCCBAT Pin=D14-4
Added Pin To Net: NetName=VCCBAT Pin=D14-5
Added Pin To Net: NetName=VCCBAT Pin=D14-6
Added Pin To Net: NetName=VCCBAT Pin=D15-4
Added Pin To Net: NetName=VCCBAT Pin=D15-5
Added Pin To Net: NetName=VCCBAT Pin=D15-6
Added Pin To Net: NetName=VCCBAT Pin=D16-4
Added Pin To Net: NetName=VCCBAT Pin=D16-5
Added Pin To Net: NetName=VCCBAT Pin=D16-6
Added Pin To Net: NetName=VCCBAT Pin=D17-4
Added Pin To Net: NetName=VCCBAT Pin=D17-5
Added Pin To Net: NetName=VCCBAT Pin=D17-6
Added Pin To Net: NetName=VCCBAT Pin=D18-4
Added Pin To Net: NetName=VCCBAT Pin=D18-5
Added Pin To Net: NetName=VCCBAT Pin=D18-6
Added Pin To Net: NetName=VCCBAT Pin=D19-4
Added Pin To Net: NetName=VCCBAT Pin=D19-5
Added Pin To Net: NetName=VCCBAT Pin=D19-6
Added Pin To Net: NetName=VCCBAT Pin=D20-4
Added Pin To Net: NetName=VCCBAT Pin=D20-5
Added Pin To Net: NetName=VCCBAT Pin=D20-6
Added Pin To Net: NetName=VCCBAT Pin=D21-4
Added Pin To Net: NetName=VCCBAT Pin=D21-5
Added Pin To Net: NetName=VCCBAT Pin=D21-6
Added Pin To Net: NetName=VCCBAT Pin=D22-4
Added Pin To Net: NetName=VCCBAT Pin=D22-5
Added Pin To Net: NetName=VCCBAT Pin=D22-6
Added Pin To Net: NetName=VCCBAT Pin=D23-4
Added Pin To Net: NetName=VCCBAT Pin=D23-5
Added Pin To Net: NetName=VCCBAT Pin=D23-6
Added Pin To Net: NetName=VCCBAT Pin=D24-4
Added Pin To Net: NetName=VCCBAT Pin=D24-5
Added Pin To Net: NetName=VCCBAT Pin=D24-6
Added Pin To Net: NetName=VCCBAT Pin=D25-4
Added Pin To Net: NetName=VCCBAT Pin=D25-5
Added Pin To Net: NetName=VCCBAT Pin=D25-6
Added Pin To Net: NetName=VCCBAT Pin=D26-4
Added Pin To Net: NetName=VCCBAT Pin=D26-5
Added Pin To Net: NetName=VCCBAT Pin=D26-6
Added Pin To Net: NetName=VCCBAT Pin=D27-4
Added Pin To Net: NetName=VCCBAT Pin=D27-5
Added Pin To Net: NetName=VCCBAT Pin=D27-6
Added Pin To Net: NetName=VCCBAT Pin=D28-4
Added Pin To Net: NetName=VCCBAT Pin=D28-5
Added Pin To Net: NetName=VCCBAT Pin=D28-6
Added Pin To Net: NetName=VCCBAT Pin=D29-4
Added Pin To Net: NetName=VCCBAT Pin=D29-5
Added Pin To Net: NetName=VCCBAT Pin=D29-6
Added Pin To Net: NetName=VCCBAT Pin=D30-4
Added Pin To Net: NetName=VCCBAT Pin=D30-5
Added Pin To Net: NetName=VCCBAT Pin=D30-6
Added Pin To Net: NetName=VCCBAT Pin=D31-4
Added Pin To Net: NetName=VCCBAT Pin=D31-5
Added Pin To Net: NetName=VCCBAT Pin=D31-6
Added Pin To Net: NetName=VCCBAT Pin=D32-4
Added Pin To Net: NetName=VCCBAT Pin=D32-5
Added Pin To Net: NetName=VCCBAT Pin=D32-6
Added Pin To Net: NetName=VCCBAT Pin=D33-4
Added Pin To Net: NetName=VCCBAT Pin=D33-5
Added Pin To Net: NetName=VCCBAT Pin=D33-6
Added Pin To Net: NetName=VCCBAT Pin=D34-4
Added Pin To Net: NetName=VCCBAT Pin=D34-5
Added Pin To Net: NetName=VCCBAT Pin=D34-6
Added Pin To Net: NetName=VCCBAT Pin=D35-4
Added Pin To Net: NetName=VCCBAT Pin=D35-5
Added Pin To Net: NetName=VCCBAT Pin=D35-6
Added Pin To Net: NetName=VCCBAT Pin=D36-4
Added Pin To Net: NetName=VCCBAT Pin=D36-5
Added Pin To Net: NetName=VCCBAT Pin=D36-6
Added Pin To Net: NetName=VCCBAT Pin=D37-4
Added Pin To Net: NetName=VCCBAT Pin=D37-5
Added Pin To Net: NetName=VCCBAT Pin=D37-6
Added Pin To Net: NetName=VCCBAT Pin=D38-4
Added Pin To Net: NetName=VCCBAT Pin=D38-5
Added Pin To Net: NetName=VCCBAT Pin=D38-6
Added Pin To Net: NetName=VCCBAT Pin=D39-4
Added Pin To Net: NetName=VCCBAT Pin=D39-5
Added Pin To Net: NetName=VCCBAT Pin=D39-6
Added Pin To Net: NetName=VCCBAT Pin=D40-4
Added Pin To Net: NetName=VCCBAT Pin=D40-5
Added Pin To Net: NetName=VCCBAT Pin=D40-6
Added Pin To Net: NetName=VCCBAT Pin=D41-4
Added Pin To Net: NetName=VCCBAT Pin=D41-5
Added Pin To Net: NetName=VCCBAT Pin=D41-6
Added Pin To Net: NetName=VCCBAT Pin=D42-4
Added Pin To Net: NetName=VCCBAT Pin=D42-5
Added Pin To Net: NetName=VCCBAT Pin=D42-6
Added Pin To Net: NetName=VCCBAT Pin=D43-4
Added Pin To Net: NetName=VCCBAT Pin=D43-5
Added Pin To Net: NetName=VCCBAT Pin=D43-6
Added Pin To Net: NetName=VCCBAT Pin=D44-4
Added Pin To Net: NetName=VCCBAT Pin=D44-5
Added Pin To Net: NetName=VCCBAT Pin=D44-6
Added Pin To Net: NetName=VCCBAT Pin=D45-4
Added Pin To Net: NetName=VCCBAT Pin=D45-5
Added Pin To Net: NetName=VCCBAT Pin=D45-6
Added Pin To Net: NetName=VCCBAT Pin=D46-4
Added Pin To Net: NetName=VCCBAT Pin=D46-5
Added Pin To Net: NetName=VCCBAT Pin=D46-6
Added Pin To Net: NetName=VCCBAT Pin=D47-4
Added Pin To Net: NetName=VCCBAT Pin=D47-5
Added Pin To Net: NetName=VCCBAT Pin=D47-6
Added Pin To Net: NetName=VCCBAT Pin=D48-4
Added Pin To Net: NetName=VCCBAT Pin=D48-5
Added Pin To Net: NetName=VCCBAT Pin=D48-6
Added Pin To Net: NetName=VCCBAT Pin=D49-4
Added Pin To Net: NetName=VCCBAT Pin=D49-5
Added Pin To Net: NetName=VCCBAT Pin=D49-6
Added Pin To Net: NetName=VCCBAT Pin=D50-4
Added Pin To Net: NetName=VCCBAT Pin=D50-5
Added Pin To Net: NetName=VCCBAT Pin=D50-6
Added Pin To Net: NetName=VCCBAT Pin=D51-4
Added Pin To Net: NetName=VCCBAT Pin=D51-5
Added Pin To Net: NetName=VCCBAT Pin=D51-6
Added Pin To Net: NetName=VCCBAT Pin=D52-4
Added Pin To Net: NetName=VCCBAT Pin=D52-5
Added Pin To Net: NetName=VCCBAT Pin=D52-6
Added Pin To Net: NetName=VCCBAT Pin=D53-4
Added Pin To Net: NetName=VCCBAT Pin=D53-5
Added Pin To Net: NetName=VCCBAT Pin=D53-6
Added Pin To Net: NetName=VCCBAT Pin=D54-4
Added Pin To Net: NetName=VCCBAT Pin=D54-5
Added Pin To Net: NetName=VCCBAT Pin=D54-6
Added Pin To Net: NetName=VCCBAT Pin=D55-4
Added Pin To Net: NetName=VCCBAT Pin=D55-5
Added Pin To Net: NetName=VCCBAT Pin=D55-6
Added Pin To Net: NetName=VCCBAT Pin=D56-4
Added Pin To Net: NetName=VCCBAT Pin=D56-5
Added Pin To Net: NetName=VCCBAT Pin=D56-6
Added Pin To Net: NetName=VCCBAT Pin=D57-4
Added Pin To Net: NetName=VCCBAT Pin=D57-5
Added Pin To Net: NetName=VCCBAT Pin=D57-6
Added Pin To Net: NetName=VCCBAT Pin=D58-4
Added Pin To Net: NetName=VCCBAT Pin=D58-5
Added Pin To Net: NetName=VCCBAT Pin=D58-6
Added Pin To Net: NetName=VCCBAT Pin=D59-4
Added Pin To Net: NetName=VCCBAT Pin=D59-5
Added Pin To Net: NetName=VCCBAT Pin=D59-6
Added Pin To Net: NetName=VCCBAT Pin=D60-4
Added Pin To Net: NetName=VCCBAT Pin=D60-5
Added Pin To Net: NetName=VCCBAT Pin=D60-6
Added Pin To Net: NetName=VCCBAT Pin=J1-9
Added Pin To Net: NetName=VCCBAT Pin=J1-10
Added Pin To Net: NetName=VCCBAT Pin=J2-9
Added Pin To Net: NetName=VCCBAT Pin=J2-10
Added Net: Name=VCCBAT
Added Pin To Net: NetName=VCC Pin=C1-1
Added Pin To Net: NetName=VCC Pin=C2-2
Added Pin To Net: NetName=VCC Pin=C3-1
Added Pin To Net: NetName=VCC Pin=C4-2
Added Pin To Net: NetName=VCC Pin=C5-1
Added Pin To Net: NetName=VCC Pin=C6-2
Added Pin To Net: NetName=VCC Pin=C7-1
Added Pin To Net: NetName=VCC Pin=C8-2
Added Pin To Net: NetName=VCC Pin=C9-1
Added Pin To Net: NetName=VCC Pin=C10-2
Added Pin To Net: NetName=VCC Pin=C11-1
Added Pin To Net: NetName=VCC Pin=C12-2
Added Pin To Net: NetName=VCC Pin=C13-1
Added Pin To Net: NetName=VCC Pin=C14-2
Added Pin To Net: NetName=VCC Pin=C15-1
Added Pin To Net: NetName=VCC Pin=C16-2
Added Pin To Net: NetName=VCC Pin=C17-1
Added Pin To Net: NetName=VCC Pin=C18-2
Added Pin To Net: NetName=VCC Pin=C19-1
Added Pin To Net: NetName=VCC Pin=C20-2
Added Pin To Net: NetName=VCC Pin=C21-1
Added Pin To Net: NetName=VCC Pin=C22-2
Added Pin To Net: NetName=VCC Pin=C23-1
Added Pin To Net: NetName=VCC Pin=C24-2
Added Pin To Net: NetName=VCC Pin=C25-1
Added Pin To Net: NetName=VCC Pin=C26-2
Added Pin To Net: NetName=VCC Pin=C27-1
Added Pin To Net: NetName=VCC Pin=C28-2
Added Pin To Net: NetName=VCC Pin=C29-1
Added Pin To Net: NetName=VCC Pin=C30-2
Added Pin To Net: NetName=VCC Pin=C31-1
Added Pin To Net: NetName=VCC Pin=C32-2
Added Pin To Net: NetName=VCC Pin=C33-1
Added Pin To Net: NetName=VCC Pin=C34-2
Added Pin To Net: NetName=VCC Pin=C35-1
Added Pin To Net: NetName=VCC Pin=C36-2
Added Pin To Net: NetName=VCC Pin=C37-1
Added Pin To Net: NetName=VCC Pin=C38-2
Added Pin To Net: NetName=VCC Pin=C39-1
Added Pin To Net: NetName=VCC Pin=C40-2
Added Pin To Net: NetName=VCC Pin=J1-5
Added Pin To Net: NetName=VCC Pin=J1-6
Added Pin To Net: NetName=VCC Pin=J2-5
Added Pin To Net: NetName=VCC Pin=J2-6
Added Pin To Net: NetName=VCC Pin=U1-4
Added Pin To Net: NetName=VCC Pin=U2-4
Added Pin To Net: NetName=VCC Pin=U3-4
Added Pin To Net: NetName=VCC Pin=U4-4
Added Pin To Net: NetName=VCC Pin=U5-4
Added Pin To Net: NetName=VCC Pin=U6-4
Added Pin To Net: NetName=VCC Pin=U7-4
Added Pin To Net: NetName=VCC Pin=U8-4
Added Pin To Net: NetName=VCC Pin=U9-4
Added Pin To Net: NetName=VCC Pin=U10-4
Added Pin To Net: NetName=VCC Pin=U11-4
Added Pin To Net: NetName=VCC Pin=U12-4
Added Pin To Net: NetName=VCC Pin=U13-4
Added Pin To Net: NetName=VCC Pin=U14-4
Added Pin To Net: NetName=VCC Pin=U15-4
Added Pin To Net: NetName=VCC Pin=U16-4
Added Pin To Net: NetName=VCC Pin=U17-4
Added Pin To Net: NetName=VCC Pin=U18-4
Added Pin To Net: NetName=VCC Pin=U19-4
Added Pin To Net: NetName=VCC Pin=U20-4
Added Pin To Net: NetName=VCC Pin=U21-4
Added Pin To Net: NetName=VCC Pin=U22-4
Added Pin To Net: NetName=VCC Pin=U23-4
Added Pin To Net: NetName=VCC Pin=U24-4
Added Pin To Net: NetName=VCC Pin=U25-4
Added Pin To Net: NetName=VCC Pin=U26-4
Added Pin To Net: NetName=VCC Pin=U27-4
Added Pin To Net: NetName=VCC Pin=U28-4
Added Pin To Net: NetName=VCC Pin=U29-4
Added Pin To Net: NetName=VCC Pin=U30-4
Added Net: Name=VCC
Added Class: Name=Sheet1
Added Room: Name=Sheet1
