Replace Part *? Wayjun5050SMD in Z:\3dprinter\lightshow\led\Sheet1.SchDoc with Wayjun5050SMD from lightshow.SchLib
Replace Part *? Wayjun5050SMD in Z:\3dprinter\lightshow\led\Sheet1.SchDoc with Wayjun5050SMD from lightshow.SchLib
Replace Part *? Wayjun5050SMD in Z:\3dprinter\lightshow\led\Sheet1.SchDoc with Wayjun5050SMD from lightshow.SchLib
Replace Part *? Wayjun5050SMD in Z:\3dprinter\lightshow\led\Sheet1.SchDoc with Wayjun5050SMD from lightshow.SchLib
Replace Part *? Wayjun5050SMD in Z:\3dprinter\lightshow\led\Sheet1.SchDoc with Wayjun5050SMD from lightshow.SchLib
Replace Part *? Wayjun5050SMD in Z:\3dprinter\lightshow\led\Sheet1.SchDoc with Wayjun5050SMD from lightshow.SchLib
Replace Part *? Wayjun5050SMD in Z:\3dprinter\lightshow\led\Sheet1.SchDoc with Wayjun5050SMD from lightshow.SchLib
Replace Part *? Wayjun5050SMD in Z:\3dprinter\lightshow\led\Sheet1.SchDoc with Wayjun5050SMD from lightshow.SchLib
Replace Part *? Wayjun5050SMD in Z:\3dprinter\lightshow\led\Sheet1.SchDoc with Wayjun5050SMD from lightshow.SchLib
Replace Part *? Wayjun5050SMD in Z:\3dprinter\lightshow\led\Sheet1.SchDoc with Wayjun5050SMD from lightshow.SchLib
Replace Part *? Wayjun5050SMD in Z:\3dprinter\lightshow\led\Sheet1.SchDoc with Wayjun5050SMD from lightshow.SchLib
Replace Part *? Wayjun5050SMD in Z:\3dprinter\lightshow\led\Sheet1.SchDoc with Wayjun5050SMD from lightshow.SchLib
Replace Part *? Wayjun5050SMD in Z:\3dprinter\lightshow\led\Sheet1.SchDoc with Wayjun5050SMD from lightshow.SchLib
Replace Part *? Wayjun5050SMD in Z:\3dprinter\lightshow\led\Sheet1.SchDoc with Wayjun5050SMD from lightshow.SchLib
Replace Part *? Wayjun5050SMD in Z:\3dprinter\lightshow\led\Sheet1.SchDoc with Wayjun5050SMD from lightshow.SchLib
Replace Part *? Wayjun5050SMD in Z:\3dprinter\lightshow\led\Sheet1.SchDoc with Wayjun5050SMD from lightshow.SchLib
Replace Part *? Wayjun5050SMD in Z:\3dprinter\lightshow\led\Sheet1.SchDoc with Wayjun5050SMD from lightshow.SchLib
Replace Part *? Wayjun5050SMD in Z:\3dprinter\lightshow\led\Sheet1.SchDoc with Wayjun5050SMD from lightshow.SchLib
Replace Part *? Wayjun5050SMD in Z:\3dprinter\lightshow\led\Sheet1.SchDoc with Wayjun5050SMD from lightshow.SchLib
Replace Part *? Wayjun5050SMD in Z:\3dprinter\lightshow\led\Sheet1.SchDoc with Wayjun5050SMD from lightshow.SchLib
Replace Part *? Wayjun5050SMD in Z:\3dprinter\lightshow\led\Sheet1.SchDoc with Wayjun5050SMD from lightshow.SchLib
Replace Part *? Wayjun5050SMD in Z:\3dprinter\lightshow\led\Sheet1.SchDoc with Wayjun5050SMD from lightshow.SchLib
Replace Part *? Wayjun5050SMD in Z:\3dprinter\lightshow\led\Sheet1.SchDoc with Wayjun5050SMD from lightshow.SchLib
Replace Part *? Wayjun5050SMD in Z:\3dprinter\lightshow\led\Sheet1.SchDoc with Wayjun5050SMD from lightshow.SchLib
Replace Part *? Wayjun5050SMD in Z:\3dprinter\lightshow\led\Sheet1.SchDoc with Wayjun5050SMD from lightshow.SchLib
Replace Part *? Wayjun5050SMD in Z:\3dprinter\lightshow\led\Sheet1.SchDoc with Wayjun5050SMD from lightshow.SchLib
Replace Part *? Wayjun5050SMD in Z:\3dprinter\lightshow\led\Sheet1.SchDoc with Wayjun5050SMD from lightshow.SchLib
Replace Part *? Wayjun5050SMD in Z:\3dprinter\lightshow\led\Sheet1.SchDoc with Wayjun5050SMD from lightshow.SchLib
Replace Part *? Wayjun5050SMD in Z:\3dprinter\lightshow\led\Sheet1.SchDoc with Wayjun5050SMD from lightshow.SchLib
Replace Part *? Wayjun5050SMD in Z:\3dprinter\lightshow\led\Sheet1.SchDoc with Wayjun5050SMD from lightshow.SchLib
Replace Part *? Wayjun5050SMD in Z:\3dprinter\lightshow\led\Sheet1.SchDoc with Wayjun5050SMD from lightshow.SchLib
Replace Part *? Wayjun5050SMD in Z:\3dprinter\lightshow\led\Sheet1.SchDoc with Wayjun5050SMD from lightshow.SchLib
Replace Part *? Wayjun5050SMD in Z:\3dprinter\lightshow\led\Sheet1.SchDoc with Wayjun5050SMD from lightshow.SchLib
Replace Part *? Wayjun5050SMD in Z:\3dprinter\lightshow\led\Sheet1.SchDoc with Wayjun5050SMD from lightshow.SchLib
Replace Part *? Wayjun5050SMD in Z:\3dprinter\lightshow\led\Sheet1.SchDoc with Wayjun5050SMD from lightshow.SchLib
Replace Part *? Wayjun5050SMD in Z:\3dprinter\lightshow\led\Sheet1.SchDoc with Wayjun5050SMD from lightshow.SchLib
Replace Part *? Wayjun5050SMD in Z:\3dprinter\lightshow\led\Sheet1.SchDoc with Wayjun5050SMD from lightshow.SchLib
Replace Part *? Wayjun5050SMD in Z:\3dprinter\lightshow\led\Sheet1.SchDoc with Wayjun5050SMD from lightshow.SchLib
Replace Part *? Wayjun5050SMD in Z:\3dprinter\lightshow\led\Sheet1.SchDoc with Wayjun5050SMD from lightshow.SchLib
Replace Part *? Wayjun5050SMD in Z:\3dprinter\lightshow\led\Sheet1.SchDoc with Wayjun5050SMD from lightshow.SchLib
Replace Part *? Wayjun5050SMD in Z:\3dprinter\lightshow\led\Sheet1.SchDoc with Wayjun5050SMD from lightshow.SchLib
Replace Part *? Wayjun5050SMD in Z:\3dprinter\lightshow\led\Sheet1.SchDoc with Wayjun5050SMD from lightshow.SchLib
Replace Part *? Wayjun5050SMD in Z:\3dprinter\lightshow\led\Sheet1.SchDoc with Wayjun5050SMD from lightshow.SchLib
Replace Part *? Wayjun5050SMD in Z:\3dprinter\lightshow\led\Sheet1.SchDoc with Wayjun5050SMD from lightshow.SchLib
Replace Part *? Wayjun5050SMD in Z:\3dprinter\lightshow\led\Sheet1.SchDoc with Wayjun5050SMD from lightshow.SchLib
Replace Part *? Wayjun5050SMD in Z:\3dprinter\lightshow\led\Sheet1.SchDoc with Wayjun5050SMD from lightshow.SchLib
Replace Part *? Wayjun5050SMD in Z:\3dprinter\lightshow\led\Sheet1.SchDoc with Wayjun5050SMD from lightshow.SchLib
Replace Part *? Wayjun5050SMD in Z:\3dprinter\lightshow\led\Sheet1.SchDoc with Wayjun5050SMD from lightshow.SchLib
Replace Part *? Wayjun5050SMD in Z:\3dprinter\lightshow\led\Sheet1.SchDoc with Wayjun5050SMD from lightshow.SchLib
Replace Part *? Wayjun5050SMD in Z:\3dprinter\lightshow\led\Sheet1.SchDoc with Wayjun5050SMD from lightshow.SchLib
Replace Part *? Wayjun5050SMD in Z:\3dprinter\lightshow\led\Sheet1.SchDoc with Wayjun5050SMD from lightshow.SchLib
Replace Part *? Wayjun5050SMD in Z:\3dprinter\lightshow\led\Sheet1.SchDoc with Wayjun5050SMD from lightshow.SchLib
Replace Part *? Wayjun5050SMD in Z:\3dprinter\lightshow\led\Sheet1.SchDoc with Wayjun5050SMD from lightshow.SchLib
Replace Part *? Wayjun5050SMD in Z:\3dprinter\lightshow\led\Sheet1.SchDoc with Wayjun5050SMD from lightshow.SchLib
Replace Part *? Wayjun5050SMD in Z:\3dprinter\lightshow\led\Sheet1.SchDoc with Wayjun5050SMD from lightshow.SchLib
Replace Part *? Wayjun5050SMD in Z:\3dprinter\lightshow\led\Sheet1.SchDoc with Wayjun5050SMD from lightshow.SchLib
Replace Part *? Wayjun5050SMD in Z:\3dprinter\lightshow\led\Sheet1.SchDoc with Wayjun5050SMD from lightshow.SchLib
Replace Part *? Wayjun5050SMD in Z:\3dprinter\lightshow\led\Sheet1.SchDoc with Wayjun5050SMD from lightshow.SchLib
Replace Part *? Wayjun5050SMD in Z:\3dprinter\lightshow\led\Sheet1.SchDoc with Wayjun5050SMD from lightshow.SchLib
Replace Part C? Cap Semi in Z:\3dprinter\lightshow\led\Sheet1.SchDoc with Cap Semi from Miscellaneous Devices.IntLib
Replace Part C? Cap Semi in Z:\3dprinter\lightshow\led\Sheet1.SchDoc with Cap Semi from Miscellaneous Devices.IntLib
Replace Part C? Cap Semi in Z:\3dprinter\lightshow\led\Sheet1.SchDoc with Cap Semi from Miscellaneous Devices.IntLib
Replace Part C? Cap Semi in Z:\3dprinter\lightshow\led\Sheet1.SchDoc with Cap Semi from Miscellaneous Devices.IntLib
Replace Part C? Cap Semi in Z:\3dprinter\lightshow\led\Sheet1.SchDoc with Cap Semi from Miscellaneous Devices.IntLib
Replace Part C? Cap Semi in Z:\3dprinter\lightshow\led\Sheet1.SchDoc with Cap Semi from Miscellaneous Devices.IntLib
Replace Part C? Cap Semi in Z:\3dprinter\lightshow\led\Sheet1.SchDoc with Cap Semi from Miscellaneous Devices.IntLib
Replace Part C? Cap Semi in Z:\3dprinter\lightshow\led\Sheet1.SchDoc with Cap Semi from Miscellaneous Devices.IntLib
Replace Part C? Cap Semi in Z:\3dprinter\lightshow\led\Sheet1.SchDoc with Cap Semi from Miscellaneous Devices.IntLib
Replace Part C? Cap Semi in Z:\3dprinter\lightshow\led\Sheet1.SchDoc with Cap Semi from Miscellaneous Devices.IntLib
Replace Part C? Cap Semi in Z:\3dprinter\lightshow\led\Sheet1.SchDoc with Cap Semi from Miscellaneous Devices.IntLib
Replace Part C? Cap Semi in Z:\3dprinter\lightshow\led\Sheet1.SchDoc with Cap Semi from Miscellaneous Devices.IntLib
Replace Part C? Cap Semi in Z:\3dprinter\lightshow\led\Sheet1.SchDoc with Cap Semi from Miscellaneous Devices.IntLib
Replace Part C? Cap Semi in Z:\3dprinter\lightshow\led\Sheet1.SchDoc with Cap Semi from Miscellaneous Devices.IntLib
Replace Part C? Cap Semi in Z:\3dprinter\lightshow\led\Sheet1.SchDoc with Cap Semi from Miscellaneous Devices.IntLib
Replace Part C? Cap Semi in Z:\3dprinter\lightshow\led\Sheet1.SchDoc with Cap Semi from Miscellaneous Devices.IntLib
Replace Part C? Cap Semi in Z:\3dprinter\lightshow\led\Sheet1.SchDoc with Cap Semi from Miscellaneous Devices.IntLib
Replace Part C? Cap Semi in Z:\3dprinter\lightshow\led\Sheet1.SchDoc with Cap Semi from Miscellaneous Devices.IntLib
Replace Part C? Cap Semi in Z:\3dprinter\lightshow\led\Sheet1.SchDoc with Cap Semi from Miscellaneous Devices.IntLib
Replace Part C? Cap Semi in Z:\3dprinter\lightshow\led\Sheet1.SchDoc with Cap Semi from Miscellaneous Devices.IntLib
Replace Part C? Cap Semi in Z:\3dprinter\lightshow\led\Sheet1.SchDoc with Cap Semi from Miscellaneous Devices.IntLib
Replace Part C? Cap Semi in Z:\3dprinter\lightshow\led\Sheet1.SchDoc with Cap Semi from Miscellaneous Devices.IntLib
Replace Part C? Cap Semi in Z:\3dprinter\lightshow\led\Sheet1.SchDoc with Cap Semi from Miscellaneous Devices.IntLib
Replace Part C? Cap Semi in Z:\3dprinter\lightshow\led\Sheet1.SchDoc with Cap Semi from Miscellaneous Devices.IntLib
Replace Part C? Cap Semi in Z:\3dprinter\lightshow\led\Sheet1.SchDoc with Cap Semi from Miscellaneous Devices.IntLib
Replace Part C? Cap Semi in Z:\3dprinter\lightshow\led\Sheet1.SchDoc with Cap Semi from Miscellaneous Devices.IntLib
Replace Part C? Cap Semi in Z:\3dprinter\lightshow\led\Sheet1.SchDoc with Cap Semi from Miscellaneous Devices.IntLib
Replace Part C? Cap Semi in Z:\3dprinter\lightshow\led\Sheet1.SchDoc with Cap Semi from Miscellaneous Devices.IntLib
Replace Part C? Cap Semi in Z:\3dprinter\lightshow\led\Sheet1.SchDoc with Cap Semi from Miscellaneous Devices.IntLib
Replace Part C? Cap Semi in Z:\3dprinter\lightshow\led\Sheet1.SchDoc with Cap Semi from Miscellaneous Devices.IntLib
Replace Part C? Cap Semi in Z:\3dprinter\lightshow\led\Sheet1.SchDoc with Cap Semi from Miscellaneous Devices.IntLib
Replace Part C? Cap Semi in Z:\3dprinter\lightshow\led\Sheet1.SchDoc with Cap Semi from Miscellaneous Devices.IntLib
Replace Part C? Cap Semi in Z:\3dprinter\lightshow\led\Sheet1.SchDoc with Cap Semi from Miscellaneous Devices.IntLib
Replace Part C? Cap Semi in Z:\3dprinter\lightshow\led\Sheet1.SchDoc with Cap Semi from Miscellaneous Devices.IntLib
Replace Part C? Cap Semi in Z:\3dprinter\lightshow\led\Sheet1.SchDoc with Cap Semi from Miscellaneous Devices.IntLib
Replace Part C? Cap Semi in Z:\3dprinter\lightshow\led\Sheet1.SchDoc with Cap Semi from Miscellaneous Devices.IntLib
Replace Part C? Cap Semi in Z:\3dprinter\lightshow\led\Sheet1.SchDoc with Cap Semi from Miscellaneous Devices.IntLib
Replace Part C? Cap Semi in Z:\3dprinter\lightshow\led\Sheet1.SchDoc with Cap Semi from Miscellaneous Devices.IntLib
Replace Part C? Cap Semi in Z:\3dprinter\lightshow\led\Sheet1.SchDoc with Cap Semi from Miscellaneous Devices.IntLib
Replace Part C? Cap Semi in Z:\3dprinter\lightshow\led\Sheet1.SchDoc with Cap Semi from Miscellaneous Devices.IntLib
Replace Part D? Wayjun5050SMD in Z:\3dprinter\lightshow\led\Sheet1.SchDoc with Wayjun5050SMD from lightshow.SchLib
Replace Part J? PPTC101LFBN-RC in Z:\3dprinter\lightshow\led\Sheet1.SchDoc with PPTC101LFBN-RC from lightshow.SchLib
Replace Part J? PPTC101LFBN-RC in Z:\3dprinter\lightshow\led\Sheet1.SchDoc with PPTC101LFBN-RC from lightshow.SchLib
Replace Part U? LPD8806 in Z:\3dprinter\lightshow\led\Sheet1.SchDoc with LPD8806 from lightshow.SchLib
Replace Part U? LPD8806 in Z:\3dprinter\lightshow\led\Sheet1.SchDoc with LPD8806 from lightshow.SchLib
Replace Part U? LPD8806 in Z:\3dprinter\lightshow\led\Sheet1.SchDoc with LPD8806 from lightshow.SchLib
Replace Part U? LPD8806 in Z:\3dprinter\lightshow\led\Sheet1.SchDoc with LPD8806 from lightshow.SchLib
Replace Part U? LPD8806 in Z:\3dprinter\lightshow\led\Sheet1.SchDoc with LPD8806 from lightshow.SchLib
Replace Part U? LPD8806 in Z:\3dprinter\lightshow\led\Sheet1.SchDoc with LPD8806 from lightshow.SchLib
Replace Part U? LPD8806 in Z:\3dprinter\lightshow\led\Sheet1.SchDoc with LPD8806 from lightshow.SchLib
Replace Part U? LPD8806 in Z:\3dprinter\lightshow\led\Sheet1.SchDoc with LPD8806 from lightshow.SchLib
Replace Part U? LPD8806 in Z:\3dprinter\lightshow\led\Sheet1.SchDoc with LPD8806 from lightshow.SchLib
Replace Part U? LPD8806 in Z:\3dprinter\lightshow\led\Sheet1.SchDoc with LPD8806 from lightshow.SchLib
Replace Part U? LPD8806 in Z:\3dprinter\lightshow\led\Sheet1.SchDoc with LPD8806 from lightshow.SchLib
Replace Part U? LPD8806 in Z:\3dprinter\lightshow\led\Sheet1.SchDoc with LPD8806 from lightshow.SchLib
Replace Part U? LPD8806 in Z:\3dprinter\lightshow\led\Sheet1.SchDoc with LPD8806 from lightshow.SchLib
Replace Part U? LPD8806 in Z:\3dprinter\lightshow\led\Sheet1.SchDoc with LPD8806 from lightshow.SchLib
Replace Part U? LPD8806 in Z:\3dprinter\lightshow\led\Sheet1.SchDoc with LPD8806 from lightshow.SchLib
Replace Part U? LPD8806 in Z:\3dprinter\lightshow\led\Sheet1.SchDoc with LPD8806 from lightshow.SchLib
Replace Part U? LPD8806 in Z:\3dprinter\lightshow\led\Sheet1.SchDoc with LPD8806 from lightshow.SchLib
Replace Part U? LPD8806 in Z:\3dprinter\lightshow\led\Sheet1.SchDoc with LPD8806 from lightshow.SchLib
Replace Part U? LPD8806 in Z:\3dprinter\lightshow\led\Sheet1.SchDoc with LPD8806 from lightshow.SchLib
Replace Part U? LPD8806 in Z:\3dprinter\lightshow\led\Sheet1.SchDoc with LPD8806 from lightshow.SchLib
Replace Part U? LPD8806 in Z:\3dprinter\lightshow\led\Sheet1.SchDoc with LPD8806 from lightshow.SchLib
Replace Part U? LPD8806 in Z:\3dprinter\lightshow\led\Sheet1.SchDoc with LPD8806 from lightshow.SchLib
Replace Part U? LPD8806 in Z:\3dprinter\lightshow\led\Sheet1.SchDoc with LPD8806 from lightshow.SchLib
Replace Part U? LPD8806 in Z:\3dprinter\lightshow\led\Sheet1.SchDoc with LPD8806 from lightshow.SchLib
Replace Part U? LPD8806 in Z:\3dprinter\lightshow\led\Sheet1.SchDoc with LPD8806 from lightshow.SchLib
Replace Part U? LPD8806 in Z:\3dprinter\lightshow\led\Sheet1.SchDoc with LPD8806 from lightshow.SchLib
Replace Part U? LPD8806 in Z:\3dprinter\lightshow\led\Sheet1.SchDoc with LPD8806 from lightshow.SchLib
Replace Part U? LPD8806 in Z:\3dprinter\lightshow\led\Sheet1.SchDoc with LPD8806 from lightshow.SchLib
Replace Part U? LPD8806 in Z:\3dprinter\lightshow\led\Sheet1.SchDoc with LPD8806 from lightshow.SchLib
Replace Part U? LPD8806 in Z:\3dprinter\lightshow\led\Sheet1.SchDoc with LPD8806 from lightshow.SchLib
